root@937c172bd319:/bolt/exp/Pytorch-RNN-text-classification-master# python3.7 main.py --cuda --rnn RNN --classes 2
===> creating vocabs ...
Original Vocab size:251637
Turncated vocab size:46159 (removed:205478)
===> vocab creatin: 2.571
args:  Namespace(batch_size=128, classes=2, clip=0.25, cuda=True, embedding_size=50, epochs=50, glove='glove/glove.6B.100d.txt', hidden_size=128, layers=2, lr=0.005, mean_seq=False, min_samples=5, print_freq=10, rnn='RNN', save_freq=10, weight_decay=0.0001)
===> creating dataloaders ...
# samples: 25000
max len: 2470
# vocab: 46159
# batches: 195 (batch_size = 128)
# samples: 25000
max len: 2278
# vocab: 46159
# batches: 195 (batch_size = 128)
===> dataloader creatin: 5.645
===> creating rnn model ...
RNN(
  (encoder): Embedding(46159, 50, padding_idx=0)
  (drop_en): Dropout(p=0.6, inplace=False)
  (rnn): RNN(50, 128, num_layers=2, batch_first=True, dropout=0.5, bidirectional=True)
  (bn2): BatchNorm1d(256, eps=1e-05, momentum=0.1, affine=True, track_running_stats=True)
  (fc): Linear(in_features=256, out_features=2, bias=True)
)
Adam (
Parameter Group 0
    amsgrad: False
    betas: (0.9, 0.999)
    eps: 1e-08
    lr: 0.005
    weight_decay: 0.0001
)
CrossEntropyLoss()
Epoch: [1][10/195]  Time 0.653 (0.614)  Data 0.022 (0.011)  Loss 0.7116 (0.8480)  Prec@1 57.031 (50.497)
Epoch: [1][20/195]  Time 0.535 (0.576)  Data 0.004 (0.017)  Loss 0.7097 (0.8062)  Prec@1 52.344 (50.595)
Epoch: [1][30/195]  Time 0.503 (0.565)  Data 0.004 (0.019)  Loss 0.7130 (0.7871)  Prec@1 50.781 (50.151)
Epoch: [1][40/195]  Time 0.663 (0.562)  Data 0.005 (0.020)  Loss 0.7410 (0.7705)  Prec@1 45.312 (50.305)
Epoch: [1][50/195]  Time 0.554 (0.569)  Data 0.005 (0.020)  Loss 0.7311 (0.7610)  Prec@1 48.438 (50.414)
Epoch: [1][60/195]  Time 0.549 (0.564)  Data 0.005 (0.021)  Loss 0.6921 (0.7563)  Prec@1 53.906 (50.128)
Epoch: [1][70/195]  Time 0.500 (0.563)  Data 0.005 (0.021)  Loss 0.7080 (0.7509)  Prec@1 53.906 (50.110)
Epoch: [1][80/195]  Time 0.490 (0.557)  Data 0.005 (0.021)  Loss 0.7165 (0.7458)  Prec@1 48.438 (50.096)
Epoch: [1][90/195]  Time 0.436 (0.552)  Data 0.005 (0.021)  Loss 0.7217 (0.7418)  Prec@1 49.219 (50.275)
Epoch: [1][100/195]  Time 0.522 (0.553)  Data 0.004 (0.021)  Loss 0.7145 (0.7388)  Prec@1 55.469 (50.456)
Epoch: [1][110/195]  Time 0.465 (0.549)  Data 0.005 (0.021)  Loss 0.7251 (0.7360)  Prec@1 42.969 (50.352)
Epoch: [1][120/195]  Time 0.518 (0.546)  Data 0.004 (0.021)  Loss 0.6746 (0.7337)  Prec@1 61.719 (50.387)
Epoch: [1][130/195]  Time 0.527 (0.544)  Data 0.007 (0.021)  Loss 0.7178 (0.7321)  Prec@1 50.000 (50.519)
Epoch: [1][140/195]  Time 0.492 (0.543)  Data 0.006 (0.021)  Loss 0.7214 (0.7316)  Prec@1 45.312 (50.294)
Epoch: [1][150/195]  Time 0.574 (0.544)  Data 0.007 (0.021)  Loss 0.6947 (0.7295)  Prec@1 56.250 (50.471)
Epoch: [1][160/195]  Time 0.509 (0.541)  Data 0.005 (0.021)  Loss 0.6911 (0.7283)  Prec@1 62.500 (50.446)
Epoch: [1][170/195]  Time 0.537 (0.541)  Data 0.005 (0.021)  Loss 0.7032 (0.7271)  Prec@1 53.906 (50.507)
Epoch: [1][180/195]  Time 0.774 (0.544)  Data 0.006 (0.021)  Loss 0.7221 (0.7266)  Prec@1 43.750 (50.475)
Epoch: [1][190/195]  Time 0.549 (0.546)  Data 0.005 (0.021)  Loss 0.7197 (0.7253)  Prec@1 49.219 (50.479)
Test: [10/195]  Time 0.083 (0.095)  Loss 0.7203 (0.7227)  Prec@1 50.781 (50.142)
Test: [20/195]  Time 0.083 (0.096)  Loss 0.7161 (0.7220)  Prec@1 51.562 (50.372)
Test: [30/195]  Time 0.082 (0.095)  Loss 0.7431 (0.7235)  Prec@1 46.094 (50.126)
Test: [40/195]  Time 0.083 (0.095)  Loss 0.7435 (0.7231)  Prec@1 46.094 (50.133)
Test: [50/195]  Time 0.075 (0.095)  Loss 0.6729 (0.7218)  Prec@1 60.156 (50.383)
Test: [60/195]  Time 0.077 (0.095)  Loss 0.6850 (0.7207)  Prec@1 57.812 (50.602)
Test: [70/195]  Time 0.083 (0.095)  Loss 0.7373 (0.7214)  Prec@1 47.656 (50.484)
Test: [80/195]  Time 0.085 (0.095)  Loss 0.7025 (0.7205)  Prec@1 54.688 (50.733)
Test: [90/195]  Time 0.087 (0.097)  Loss 0.7376 (0.7219)  Prec@1 48.438 (50.472)
Test: [100/195]  Time 0.081 (0.097)  Loss 0.6982 (0.7209)  Prec@1 54.688 (50.696)
Test: [110/195]  Time 0.090 (0.097)  Loss 0.7163 (0.7229)  Prec@1 52.344 (50.324)
Test: [120/195]  Time 0.073 (0.097)  Loss 0.7461 (0.7233)  Prec@1 46.094 (50.265)
Test: [130/195]  Time 0.082 (0.097)  Loss 0.7237 (0.7233)  Prec@1 50.000 (50.227)
Test: [140/195]  Time 0.077 (0.097)  Loss 0.7133 (0.7227)  Prec@1 51.562 (50.355)
Test: [150/195]  Time 0.072 (0.097)  Loss 0.7245 (0.7238)  Prec@1 50.000 (50.150)
Test: [160/195]  Time 0.083 (0.096)  Loss 0.7570 (0.7238)  Prec@1 43.750 (50.160)
Test: [170/195]  Time 0.078 (0.096)  Loss 0.7253 (0.7240)  Prec@1 50.000 (50.101)
Test: [180/195]  Time 0.075 (0.096)  Loss 0.7248 (0.7242)  Prec@1 50.781 (50.069)
Test: [190/195]  Time 0.078 (0.096)  Loss 0.7547 (0.7244)  Prec@1 45.312 (50.037)
 * Prec@1 50.000
Epoch: [2][10/195]  Time 0.590 (0.542)  Data 0.004 (0.004)  Loss 0.7015 (0.7042)  Prec@1 54.688 (51.989)
Epoch: [2][20/195]  Time 0.566 (0.560)  Data 0.006 (0.013)  Loss 0.7029 (0.7028)  Prec@1 49.219 (51.786)
Epoch: [2][30/195]  Time 0.519 (0.556)  Data 0.005 (0.016)  Loss 0.7214 (0.7042)  Prec@1 46.094 (51.008)
Epoch: [2][40/195]  Time 0.542 (0.551)  Data 0.019 (0.017)  Loss 0.7263 (0.7013)  Prec@1 50.000 (51.963)
Epoch: [2][50/195]  Time 0.519 (0.547)  Data 0.004 (0.018)  Loss 0.7176 (0.7030)  Prec@1 48.438 (51.838)
Epoch: [2][60/195]  Time 0.532 (0.551)  Data 0.004 (0.018)  Loss 0.6814 (0.7008)  Prec@1 60.938 (52.126)
Epoch: [2][70/195]  Time 0.514 (0.550)  Data 0.005 (0.018)  Loss 0.7089 (0.7005)  Prec@1 48.438 (52.179)
Epoch: [2][80/195]  Time 0.835 (0.553)  Data 0.006 (0.018)  Loss 0.6818 (0.6999)  Prec@1 60.938 (52.199)
Epoch: [2][90/195]  Time 0.499 (0.553)  Data 0.004 (0.019)  Loss 0.6807 (0.6994)  Prec@1 55.469 (52.069)
Epoch: [2][100/195]  Time 0.655 (0.552)  Data 0.005 (0.019)  Loss 0.7410 (0.6989)  Prec@1 45.312 (52.042)
Epoch: [2][110/195]  Time 0.522 (0.547)  Data 0.005 (0.019)  Loss 0.6751 (0.6980)  Prec@1 57.031 (52.266)
Epoch: [2][120/195]  Time 0.550 (0.549)  Data 0.004 (0.019)  Loss 0.7094 (0.6975)  Prec@1 48.438 (52.376)
Epoch: [2][130/195]  Time 0.520 (0.547)  Data 0.005 (0.019)  Loss 0.6842 (0.6979)  Prec@1 55.469 (52.260)
Epoch: [2][140/195]  Time 0.449 (0.545)  Data 0.004 (0.019)  Loss 0.6798 (0.6967)  Prec@1 58.594 (52.560)
Epoch: [2][150/195]  Time 0.457 (0.545)  Data 0.004 (0.019)  Loss 0.6749 (0.6965)  Prec@1 53.125 (52.597)
Epoch: [2][160/195]  Time 0.510 (0.543)  Data 0.005 (0.020)  Loss 0.6691 (0.6963)  Prec@1 60.156 (52.601)
Epoch: [2][170/195]  Time 0.416 (0.542)  Data 0.004 (0.020)  Loss 0.7217 (0.6958)  Prec@1 49.219 (52.673)
Epoch: [2][180/195]  Time 0.731 (0.542)  Data 0.005 (0.020)  Loss 0.7049 (0.6953)  Prec@1 47.656 (52.732)
Epoch: [2][190/195]  Time 0.548 (0.543)  Data 0.004 (0.020)  Loss 0.7254 (0.6947)  Prec@1 48.438 (52.769)
Test: [10/195]  Time 0.082 (0.078)  Loss 0.6628 (0.6708)  Prec@1 64.062 (56.676)
Test: [20/195]  Time 0.079 (0.089)  Loss 0.6781 (0.6728)  Prec@1 56.250 (56.250)
Test: [30/195]  Time 0.083 (0.093)  Loss 0.6608 (0.6742)  Prec@1 61.719 (55.670)
Test: [40/195]  Time 0.084 (0.093)  Loss 0.6591 (0.6739)  Prec@1 55.469 (56.155)
Test: [50/195]  Time 0.084 (0.094)  Loss 0.6732 (0.6746)  Prec@1 53.906 (55.852)
Test: [60/195]  Time 0.057 (0.093)  Loss 0.6737 (0.6744)  Prec@1 53.906 (55.738)
Test: [70/195]  Time 0.081 (0.093)  Loss 0.6642 (0.6742)  Prec@1 56.250 (55.678)
Test: [80/195]  Time 0.061 (0.092)  Loss 0.6782 (0.6737)  Prec@1 51.562 (55.556)
Test: [90/195]  Time 0.078 (0.091)  Loss 0.6810 (0.6733)  Prec@1 53.906 (55.795)
Test: [100/195]  Time 0.069 (0.091)  Loss 0.6676 (0.6729)  Prec@1 58.594 (56.002)
Test: [110/195]  Time 0.127 (0.091)  Loss 0.6938 (0.6733)  Prec@1 52.344 (55.912)
Test: [120/195]  Time 0.079 (0.092)  Loss 0.6696 (0.6728)  Prec@1 54.688 (56.276)
Test: [130/195]  Time 0.091 (0.092)  Loss 0.6629 (0.6729)  Prec@1 58.594 (56.298)
Test: [140/195]  Time 0.083 (0.093)  Loss 0.6718 (0.6727)  Prec@1 56.250 (56.372)
Test: [150/195]  Time 0.079 (0.093)  Loss 0.6696 (0.6727)  Prec@1 60.156 (56.307)
Test: [160/195]  Time 0.084 (0.093)  Loss 0.6667 (0.6727)  Prec@1 60.156 (56.313)
Test: [170/195]  Time 0.077 (0.093)  Loss 0.6642 (0.6724)  Prec@1 60.938 (56.405)
Test: [180/195]  Time 0.084 (0.093)  Loss 0.6655 (0.6724)  Prec@1 64.844 (56.462)
Test: [190/195]  Time 0.083 (0.094)  Loss 0.6781 (0.6724)  Prec@1 50.000 (56.389)
 * Prec@1 56.434
Epoch: [3][10/195]  Time 0.496 (0.520)  Data 0.004 (0.005)  Loss 0.6957 (0.6876)  Prec@1 52.344 (53.835)
Epoch: [3][20/195]  Time 0.532 (0.520)  Data 0.004 (0.013)  Loss 0.6795 (0.6834)  Prec@1 54.688 (54.725)
Epoch: [3][30/195]  Time 0.584 (0.528)  Data 0.004 (0.015)  Loss 0.6930 (0.6840)  Prec@1 53.906 (55.066)
Epoch: [3][40/195]  Time 0.533 (0.530)  Data 0.004 (0.016)  Loss 0.6618 (0.6807)  Prec@1 60.156 (55.583)
Epoch: [3][50/195]  Time 0.511 (0.530)  Data 0.004 (0.017)  Loss 0.6730 (0.6783)  Prec@1 56.250 (56.112)
Epoch: [3][60/195]  Time 0.513 (0.535)  Data 0.005 (0.017)  Loss 0.6538 (0.6753)  Prec@1 65.625 (56.749)
Epoch: [3][70/195]  Time 0.554 (0.532)  Data 0.005 (0.017)  Loss 0.6118 (0.6750)  Prec@1 69.531 (56.822)
Epoch: [3][80/195]  Time 0.492 (0.532)  Data 0.005 (0.018)  Loss 0.6944 (0.6744)  Prec@1 53.125 (56.896)
Epoch: [3][90/195]  Time 0.432 (0.530)  Data 0.004 (0.018)  Loss 0.6497 (0.6729)  Prec@1 63.281 (57.306)
Epoch: [3][100/195]  Time 0.543 (0.535)  Data 0.006 (0.018)  Loss 0.6932 (0.6743)  Prec@1 54.688 (57.217)
Epoch: [3][110/195]  Time 0.432 (0.534)  Data 0.004 (0.019)  Loss 0.6812 (0.6734)  Prec@1 54.688 (57.179)
Epoch: [3][120/195]  Time 0.461 (0.533)  Data 0.005 (0.019)  Loss 0.6960 (0.6731)  Prec@1 55.469 (57.167)
Epoch: [3][130/195]  Time 0.511 (0.534)  Data 0.004 (0.019)  Loss 0.6260 (0.6717)  Prec@1 62.500 (57.294)
Epoch: [3][140/195]  Time 0.526 (0.531)  Data 0.004 (0.019)  Loss 0.6688 (0.6713)  Prec@1 58.594 (57.419)
Epoch: [3][150/195]  Time 0.483 (0.533)  Data 0.005 (0.019)  Loss 0.6780 (0.6702)  Prec@1 52.344 (57.512)
Epoch: [3][160/195]  Time 0.537 (0.539)  Data 0.005 (0.019)  Loss 0.6093 (0.6699)  Prec@1 65.625 (57.584)
Epoch: [3][170/195]  Time 0.589 (0.538)  Data 0.005 (0.019)  Loss 0.6647 (0.6692)  Prec@1 58.594 (57.707)
Epoch: [3][180/195]  Time 0.512 (0.540)  Data 0.005 (0.020)  Loss 0.6673 (0.6686)  Prec@1 55.469 (57.661)
Epoch: [3][190/195]  Time 0.463 (0.540)  Data 0.004 (0.020)  Loss 0.6647 (0.6681)  Prec@1 58.594 (57.694)
Test: [10/195]  Time 0.083 (0.086)  Loss 0.6387 (0.6484)  Prec@1 57.812 (57.884)
Test: [20/195]  Time 0.078 (0.091)  Loss 0.6519 (0.6452)  Prec@1 55.469 (58.668)
Test: [30/195]  Time 0.079 (0.092)  Loss 0.6475 (0.6459)  Prec@1 64.062 (58.644)
Test: [40/195]  Time 0.083 (0.093)  Loss 0.6437 (0.6469)  Prec@1 60.156 (58.441)
Test: [50/195]  Time 0.083 (0.093)  Loss 0.6481 (0.6482)  Prec@1 60.156 (58.532)
Test: [60/195]  Time 0.075 (0.094)  Loss 0.6383 (0.6471)  Prec@1 56.250 (58.543)
Test: [70/195]  Time 0.082 (0.094)  Loss 0.6875 (0.6495)  Prec@1 60.156 (58.418)
Test: [80/195]  Time 0.070 (0.095)  Loss 0.6567 (0.6496)  Prec@1 57.031 (58.353)
Test: [90/195]  Time 0.078 (0.096)  Loss 0.6466 (0.6488)  Prec@1 61.719 (58.448)
Test: [100/195]  Time 0.090 (0.096)  Loss 0.6755 (0.6500)  Prec@1 53.906 (58.416)
Test: [110/195]  Time 0.074 (0.096)  Loss 0.6409 (0.6494)  Prec@1 63.281 (58.629)
Test: [120/195]  Time 0.080 (0.096)  Loss 0.6550 (0.6493)  Prec@1 61.719 (58.833)
Test: [130/195]  Time 0.087 (0.096)  Loss 0.6614 (0.6495)  Prec@1 56.250 (58.808)
Test: [140/195]  Time 0.083 (0.097)  Loss 0.6813 (0.6495)  Prec@1 53.906 (58.826)
Test: [150/195]  Time 0.082 (0.097)  Loss 0.6560 (0.6495)  Prec@1 57.031 (58.847)
Test: [160/195]  Time 0.080 (0.097)  Loss 0.6367 (0.6502)  Prec@1 58.594 (58.817)
Test: [170/195]  Time 0.084 (0.097)  Loss 0.7037 (0.6502)  Prec@1 53.125 (58.827)
Test: [180/195]  Time 0.083 (0.097)  Loss 0.6489 (0.6506)  Prec@1 63.281 (58.676)
Test: [190/195]  Time 0.072 (0.096)  Loss 0.6656 (0.6504)  Prec@1 57.812 (58.737)
 * Prec@1 58.782
Epoch: [4][10/195]  Time 0.427 (0.558)  Data 0.005 (0.005)  Loss 0.6372 (0.6247)  Prec@1 65.625 (64.986)
Epoch: [4][20/195]  Time 0.509 (0.561)  Data 0.005 (0.012)  Loss 0.6555 (0.6296)  Prec@1 57.031 (64.397)
Epoch: [4][30/195]  Time 0.453 (0.568)  Data 0.006 (0.016)  Loss 0.6354 (0.6349)  Prec@1 66.406 (63.206)
Epoch: [4][40/195]  Time 0.516 (0.562)  Data 0.005 (0.017)  Loss 0.6457 (0.6348)  Prec@1 62.500 (62.995)
Epoch: [4][50/195]  Time 0.490 (0.556)  Data 0.004 (0.018)  Loss 0.6074 (0.6295)  Prec@1 67.188 (63.465)
Epoch: [4][60/195]  Time 0.530 (0.560)  Data 0.004 (0.018)  Loss 0.6569 (0.6314)  Prec@1 57.031 (63.115)
Epoch: [4][70/195]  Time 0.516 (0.555)  Data 0.004 (0.018)  Loss 0.6557 (0.6321)  Prec@1 57.812 (63.028)
Epoch: [4][80/195]  Time 0.487 (0.551)  Data 0.005 (0.018)  Loss 0.6074 (0.6332)  Prec@1 64.062 (62.857)
Epoch: [4][90/195]  Time 0.469 (0.548)  Data 0.004 (0.019)  Loss 0.6561 (0.6342)  Prec@1 59.375 (62.474)
Epoch: [4][100/195]  Time 0.535 (0.549)  Data 0.006 (0.019)  Loss 0.6603 (0.6357)  Prec@1 52.344 (62.144)
Epoch: [4][110/195]  Time 0.522 (0.554)  Data 0.006 (0.019)  Loss 0.6573 (0.6357)  Prec@1 57.812 (61.972)
Epoch: [4][120/195]  Time 0.536 (0.551)  Data 0.006 (0.019)  Loss 0.6131 (0.6363)  Prec@1 60.938 (61.693)
Epoch: [4][130/195]  Time 0.459 (0.548)  Data 0.005 (0.019)  Loss 0.6462 (0.6361)  Prec@1 67.969 (61.814)
Epoch: [4][140/195]  Time 0.500 (0.548)  Data 0.004 (0.019)  Loss 0.6359 (0.6377)  Prec@1 67.969 (61.652)
Epoch: [4][150/195]  Time 0.611 (0.549)  Data 0.004 (0.019)  Loss 0.6285 (0.6384)  Prec@1 61.719 (61.512)
Epoch: [4][160/195]  Time 0.509 (0.549)  Data 0.004 (0.019)  Loss 0.6507 (0.6376)  Prec@1 59.375 (61.578)
Epoch: [4][170/195]  Time 0.502 (0.549)  Data 0.004 (0.019)  Loss 0.7163 (0.6381)  Prec@1 51.562 (61.486)
Epoch: [4][180/195]  Time 0.511 (0.548)  Data 0.003 (0.019)  Loss 0.6369 (0.6380)  Prec@1 55.469 (61.460)
Epoch: [4][190/195]  Time 0.490 (0.547)  Data 0.005 (0.019)  Loss 0.6292 (0.6380)  Prec@1 58.594 (61.379)
Test: [10/195]  Time 0.084 (0.081)  Loss 0.6389 (0.6369)  Prec@1 63.281 (59.801)
Test: [20/195]  Time 0.082 (0.086)  Loss 0.6622 (0.6522)  Prec@1 64.062 (59.338)
Test: [30/195]  Time 0.074 (0.088)  Loss 0.6458 (0.6514)  Prec@1 53.125 (59.073)
Test: [40/195]  Time 0.070 (0.089)  Loss 0.6297 (0.6486)  Prec@1 64.844 (59.680)
Test: [50/195]  Time 0.083 (0.091)  Loss 0.6500 (0.6495)  Prec@1 60.938 (59.651)
Test: [60/195]  Time 0.071 (0.091)  Loss 0.6738 (0.6503)  Prec@1 54.688 (59.362)
Test: [70/195]  Time 0.081 (0.092)  Loss 0.6196 (0.6475)  Prec@1 63.281 (59.815)
Test: [80/195]  Time 0.075 (0.092)  Loss 0.6529 (0.6489)  Prec@1 56.250 (59.471)
Test: [90/195]  Time 0.065 (0.092)  Loss 0.6595 (0.6496)  Prec@1 57.812 (59.530)
Test: [100/195]  Time 0.080 (0.091)  Loss 0.7032 (0.6514)  Prec@1 50.781 (59.259)
Test: [110/195]  Time 0.079 (0.092)  Loss 0.6891 (0.6521)  Prec@1 54.688 (59.101)
Test: [120/195]  Time 0.155 (0.093)  Loss 0.6775 (0.6520)  Prec@1 56.250 (59.084)
Test: [130/195]  Time 0.086 (0.093)  Loss 0.6199 (0.6516)  Prec@1 60.156 (59.113)
Test: [140/195]  Time 0.064 (0.092)  Loss 0.6568 (0.6517)  Prec@1 57.812 (59.109)
Test: [150/195]  Time 0.064 (0.092)  Loss 0.6125 (0.6517)  Prec@1 64.062 (59.127)
Test: [160/195]  Time 0.065 (0.092)  Loss 0.6497 (0.6522)  Prec@1 62.500 (59.060)
Test: [170/195]  Time 0.076 (0.092)  Loss 0.6651 (0.6536)  Prec@1 55.469 (58.863)
Test: [180/195]  Time 0.066 (0.092)  Loss 0.6380 (0.6538)  Prec@1 60.156 (58.792)
Test: [190/195]  Time 0.081 (0.093)  Loss 0.7010 (0.6534)  Prec@1 58.594 (58.917)
 * Prec@1 58.970
Epoch: [5][10/195]  Time 0.527 (0.543)  Data 0.005 (0.005)  Loss 0.6014 (0.5894)  Prec@1 71.875 (68.395)
Epoch: [5][20/195]  Time 0.521 (0.544)  Data 0.004 (0.013)  Loss 0.5969 (0.5842)  Prec@1 66.406 (67.969)
Epoch: [5][30/195]  Time 0.545 (0.541)  Data 0.004 (0.015)  Loss 0.5987 (0.5939)  Prec@1 66.406 (66.935)
Epoch: [5][40/195]  Time 0.542 (0.543)  Data 0.005 (0.016)  Loss 0.6199 (0.5963)  Prec@1 61.719 (66.521)
Epoch: [5][50/195]  Time 0.495 (0.543)  Data 0.004 (0.017)  Loss 0.6506 (0.5977)  Prec@1 59.375 (66.238)
Epoch: [5][60/195]  Time 0.524 (0.542)  Data 0.005 (0.017)  Loss 0.6267 (0.6013)  Prec@1 62.500 (65.984)
Epoch: [5][70/195]  Time 0.487 (0.546)  Data 0.004 (0.018)  Loss 0.6389 (0.6011)  Prec@1 61.719 (66.010)
Epoch: [5][80/195]  Time 0.476 (0.545)  Data 0.004 (0.018)  Loss 0.6068 (0.6001)  Prec@1 67.188 (66.223)
Epoch: [5][90/195]  Time 0.468 (0.541)  Data 0.005 (0.018)  Loss 0.5642 (0.6000)  Prec@1 66.406 (66.303)
Epoch: [5][100/195]  Time 0.507 (0.541)  Data 0.004 (0.018)  Loss 0.6747 (0.6040)  Prec@1 60.156 (65.965)
Epoch: [5][110/195]  Time 0.501 (0.542)  Data 0.004 (0.018)  Loss 0.5968 (0.6062)  Prec@1 67.188 (65.702)
Epoch: [5][120/195]  Time 0.498 (0.541)  Data 0.006 (0.018)  Loss 0.6220 (0.6081)  Prec@1 62.500 (65.380)
Epoch: [5][130/195]  Time 0.448 (0.543)  Data 0.004 (0.019)  Loss 0.6050 (0.6087)  Prec@1 66.406 (65.375)
Epoch: [5][140/195]  Time 0.533 (0.540)  Data 0.004 (0.018)  Loss 0.5718 (0.6091)  Prec@1 73.438 (65.248)
Epoch: [5][150/195]  Time 0.715 (0.539)  Data 0.004 (0.019)  Loss 0.5916 (0.6093)  Prec@1 66.406 (65.190)
Epoch: [5][160/195]  Time 0.618 (0.539)  Data 0.005 (0.019)  Loss 0.6193 (0.6109)  Prec@1 64.062 (64.917)
Epoch: [5][170/195]  Time 0.540 (0.543)  Data 0.004 (0.019)  Loss 0.6330 (0.6130)  Prec@1 60.938 (64.606)
Epoch: [5][180/195]  Time 0.544 (0.541)  Data 0.004 (0.019)  Loss 0.6309 (0.6134)  Prec@1 64.844 (64.481)
Epoch: [5][190/195]  Time 0.552 (0.541)  Data 0.007 (0.019)  Loss 0.7192 (0.6152)  Prec@1 51.562 (64.312)
Test: [10/195]  Time 0.102 (0.099)  Loss 0.6449 (0.6529)  Prec@1 52.344 (58.097)
Test: [20/195]  Time 0.082 (0.105)  Loss 0.6527 (0.6453)  Prec@1 58.594 (59.040)
Test: [30/195]  Time 0.096 (0.111)  Loss 0.6281 (0.6474)  Prec@1 63.281 (59.274)
Test: [40/195]  Time 0.087 (0.111)  Loss 0.6832 (0.6505)  Prec@1 59.375 (59.356)
Test: [50/195]  Time 0.101 (0.111)  Loss 0.6617 (0.6496)  Prec@1 60.156 (59.222)
Test: [60/195]  Time 0.093 (0.111)  Loss 0.6133 (0.6451)  Prec@1 62.500 (59.490)
Test: [70/195]  Time 0.188 (0.112)  Loss 0.6658 (0.6454)  Prec@1 57.031 (59.463)
Test: [80/195]  Time 0.081 (0.111)  Loss 0.6675 (0.6467)  Prec@1 56.250 (59.307)
Test: [90/195]  Time 0.072 (0.109)  Loss 0.6433 (0.6457)  Prec@1 64.844 (59.315)
Test: [100/195]  Time 0.085 (0.108)  Loss 0.6557 (0.6452)  Prec@1 60.156 (59.282)
Test: [110/195]  Time 0.079 (0.107)  Loss 0.6291 (0.6456)  Prec@1 62.500 (59.241)
Test: [120/195]  Time 0.083 (0.107)  Loss 0.6778 (0.6468)  Prec@1 58.594 (59.052)
Test: [130/195]  Time 0.086 (0.106)  Loss 0.6373 (0.6471)  Prec@1 60.156 (59.071)
Test: [140/195]  Time 0.077 (0.105)  Loss 0.6747 (0.6484)  Prec@1 60.156 (58.915)
Test: [150/195]  Time 0.083 (0.104)  Loss 0.6516 (0.6485)  Prec@1 64.062 (58.961)
Test: [160/195]  Time 0.075 (0.104)  Loss 0.6404 (0.6479)  Prec@1 55.469 (58.933)
Test: [170/195]  Time 0.082 (0.104)  Loss 0.6821 (0.6479)  Prec@1 61.719 (58.996)
Test: [180/195]  Time 0.084 (0.104)  Loss 0.6303 (0.6484)  Prec@1 62.500 (58.995)
Test: [190/195]  Time 0.109 (0.103)  Loss 0.6033 (0.6489)  Prec@1 60.156 (58.958)
 * Prec@1 58.890
Epoch: [6][10/195]  Time 0.555 (0.540)  Data 0.005 (0.004)  Loss 0.5441 (0.5896)  Prec@1 69.531 (66.051)
Epoch: [6][20/195]  Time 0.587 (0.527)  Data 0.005 (0.011)  Loss 0.5164 (0.5787)  Prec@1 71.094 (66.853)
Epoch: [6][30/195]  Time 0.474 (0.524)  Data 0.004 (0.015)  Loss 0.5815 (0.5780)  Prec@1 73.438 (66.986)
Epoch: [6][40/195]  Time 0.551 (0.528)  Data 0.004 (0.016)  Loss 0.6227 (0.5750)  Prec@1 61.719 (67.416)
Epoch: [6][50/195]  Time 0.524 (0.530)  Data 0.005 (0.016)  Loss 0.5891 (0.5771)  Prec@1 57.812 (66.973)
Epoch: [6][60/195]  Time 0.544 (0.532)  Data 0.004 (0.017)  Loss 0.6563 (0.5805)  Prec@1 63.281 (66.919)
Epoch: [6][70/195]  Time 0.549 (0.532)  Data 0.005 (0.017)  Loss 0.6149 (0.5827)  Prec@1 67.188 (66.890)
Epoch: [6][80/195]  Time 0.435 (0.537)  Data 0.005 (0.017)  Loss 0.5864 (0.5834)  Prec@1 65.625 (66.753)
Epoch: [6][90/195]  Time 0.466 (0.539)  Data 0.004 (0.018)  Loss 0.6073 (0.5840)  Prec@1 64.062 (66.698)
Epoch: [6][100/195]  Time 0.552 (0.536)  Data 0.004 (0.018)  Loss 0.5697 (0.5867)  Prec@1 71.875 (66.569)
Epoch: [6][110/195]  Time 0.514 (0.538)  Data 0.004 (0.018)  Loss 0.5912 (0.5898)  Prec@1 65.625 (66.265)
Epoch: [6][120/195]  Time 0.547 (0.539)  Data 0.005 (0.018)  Loss 0.6038 (0.5910)  Prec@1 64.062 (66.167)
Epoch: [6][130/195]  Time 0.475 (0.538)  Data 0.004 (0.018)  Loss 0.6142 (0.5921)  Prec@1 65.625 (66.162)
Epoch: [6][140/195]  Time 0.497 (0.537)  Data 0.004 (0.018)  Loss 0.5752 (0.5922)  Prec@1 67.969 (66.229)
Epoch: [6][150/195]  Time 0.482 (0.536)  Data 0.004 (0.018)  Loss 0.6262 (0.5931)  Prec@1 67.188 (66.106)
Epoch: [6][160/195]  Time 0.519 (0.535)  Data 0.005 (0.018)  Loss 0.6423 (0.5946)  Prec@1 57.812 (65.989)
Epoch: [6][170/195]  Time 0.468 (0.537)  Data 0.004 (0.018)  Loss 0.6144 (0.5966)  Prec@1 63.281 (65.753)
Epoch: [6][180/195]  Time 0.523 (0.538)  Data 0.005 (0.019)  Loss 0.5825 (0.5968)  Prec@1 61.719 (65.789)
Epoch: [6][190/195]  Time 0.493 (0.539)  Data 0.005 (0.019)  Loss 0.6107 (0.5974)  Prec@1 57.812 (65.678)
Test: [10/195]  Time 0.079 (0.076)  Loss 0.6465 (0.6464)  Prec@1 62.500 (61.080)
Test: [20/195]  Time 0.079 (0.081)  Loss 0.5861 (0.6469)  Prec@1 69.531 (60.789)
Test: [30/195]  Time 0.084 (0.084)  Loss 0.6124 (0.6511)  Prec@1 63.281 (59.753)
Test: [40/195]  Time 0.085 (0.086)  Loss 0.6302 (0.6507)  Prec@1 60.938 (59.566)
Test: [50/195]  Time 0.083 (0.087)  Loss 0.6317 (0.6508)  Prec@1 67.188 (59.513)
Test: [60/195]  Time 0.084 (0.089)  Loss 0.6206 (0.6500)  Prec@1 58.594 (59.529)
Test: [70/195]  Time 0.082 (0.090)  Loss 0.6379 (0.6517)  Prec@1 63.281 (59.485)
Test: [80/195]  Time 0.070 (0.091)  Loss 0.6495 (0.6517)  Prec@1 64.062 (59.558)
Test: [90/195]  Time 0.074 (0.091)  Loss 0.6544 (0.6521)  Prec@1 58.594 (59.452)
Test: [100/195]  Time 0.075 (0.092)  Loss 0.6502 (0.6511)  Prec@1 58.594 (59.553)
Test: [110/195]  Time 0.079 (0.093)  Loss 0.6799 (0.6519)  Prec@1 53.125 (59.516)
Test: [120/195]  Time 0.086 (0.092)  Loss 0.5967 (0.6512)  Prec@1 64.844 (59.530)
Test: [130/195]  Time 0.092 (0.092)  Loss 0.6944 (0.6517)  Prec@1 49.219 (59.512)
Test: [140/195]  Time 0.083 (0.093)  Loss 0.6558 (0.6523)  Prec@1 54.688 (59.375)
Test: [150/195]  Time 0.080 (0.093)  Loss 0.6489 (0.6518)  Prec@1 57.812 (59.375)
Test: [160/195]  Time 0.079 (0.093)  Loss 0.6701 (0.6531)  Prec@1 60.156 (59.220)
Test: [170/195]  Time 0.074 (0.093)  Loss 0.6612 (0.6531)  Prec@1 58.594 (59.306)
Test: [180/195]  Time 0.068 (0.092)  Loss 0.6541 (0.6538)  Prec@1 59.375 (59.133)
Test: [190/195]  Time 0.078 (0.093)  Loss 0.6591 (0.6544)  Prec@1 59.375 (59.048)
 * Prec@1 58.978
Epoch: [7][10/195]  Time 0.862 (0.567)  Data 0.004 (0.004)  Loss 0.5215 (0.5742)  Prec@1 71.094 (66.051)
Epoch: [7][20/195]  Time 0.460 (0.539)  Data 0.004 (0.013)  Loss 0.5488 (0.5762)  Prec@1 67.969 (66.369)
Epoch: [7][30/195]  Time 0.505 (0.546)  Data 0.005 (0.015)  Loss 0.6161 (0.5818)  Prec@1 64.844 (66.381)
Epoch: [7][40/195]  Time 0.544 (0.541)  Data 0.004 (0.016)  Loss 0.5392 (0.5840)  Prec@1 63.281 (65.949)
Epoch: [7][50/195]  Time 0.547 (0.534)  Data 0.004 (0.017)  Loss 0.5723 (0.5825)  Prec@1 72.656 (66.590)
Epoch: [7][60/195]  Time 0.523 (0.536)  Data 0.005 (0.017)  Loss 0.6253 (0.5841)  Prec@1 64.844 (66.329)
Epoch: [7][70/195]  Time 0.518 (0.532)  Data 0.005 (0.017)  Loss 0.5967 (0.5815)  Prec@1 58.594 (66.461)
Epoch: [7][80/195]  Time 0.528 (0.534)  Data 0.004 (0.017)  Loss 0.5842 (0.5811)  Prec@1 61.719 (66.406)
Epoch: [7][90/195]  Time 0.415 (0.534)  Data 0.004 (0.017)  Loss 0.6038 (0.5818)  Prec@1 68.750 (66.458)
Epoch: [7][100/195]  Time 0.520 (0.535)  Data 0.004 (0.018)  Loss 0.5967 (0.5828)  Prec@1 70.312 (66.406)
Epoch: [7][110/195]  Time 0.485 (0.535)  Data 0.005 (0.018)  Loss 0.6540 (0.5828)  Prec@1 63.281 (66.385)
Epoch: [7][120/195]  Time 0.474 (0.535)  Data 0.004 (0.018)  Loss 0.6655 (0.5845)  Prec@1 53.906 (66.077)
Epoch: [7][130/195]  Time 0.539 (0.536)  Data 0.004 (0.018)  Loss 0.5490 (0.5851)  Prec@1 74.219 (66.090)
Epoch: [7][140/195]  Time 0.468 (0.534)  Data 0.004 (0.018)  Loss 0.6262 (0.5867)  Prec@1 61.719 (65.924)
Epoch: [7][150/195]  Time 0.518 (0.538)  Data 0.004 (0.018)  Loss 0.5836 (0.5883)  Prec@1 67.188 (65.785)
Epoch: [7][160/195]  Time 0.528 (0.538)  Data 0.004 (0.018)  Loss 0.5773 (0.5884)  Prec@1 64.844 (65.775)
Epoch: [7][170/195]  Time 0.523 (0.538)  Data 0.004 (0.018)  Loss 0.6018 (0.5894)  Prec@1 66.406 (65.808)
Epoch: [7][180/195]  Time 0.532 (0.538)  Data 0.006 (0.018)  Loss 0.5975 (0.5900)  Prec@1 66.406 (65.690)
Epoch: [7][190/195]  Time 0.447 (0.538)  Data 0.036 (0.019)  Loss 0.6750 (0.5908)  Prec@1 62.500 (65.654)
Test: [10/195]  Time 0.082 (0.080)  Loss 0.6979 (0.6697)  Prec@1 59.375 (57.599)
Test: [20/195]  Time 0.085 (0.091)  Loss 0.6387 (0.6564)  Prec@1 62.500 (59.375)
Test: [30/195]  Time 0.083 (0.092)  Loss 0.6462 (0.6562)  Prec@1 57.031 (58.871)
Test: [40/195]  Time 0.084 (0.094)  Loss 0.6853 (0.6551)  Prec@1 56.250 (58.956)
Test: [50/195]  Time 0.080 (0.094)  Loss 0.6610 (0.6585)  Prec@1 60.156 (58.487)
Test: [60/195]  Time 0.090 (0.094)  Loss 0.6478 (0.6591)  Prec@1 63.281 (58.466)
Test: [70/195]  Time 0.053 (0.094)  Loss 0.6733 (0.6575)  Prec@1 54.688 (58.572)
Test: [80/195]  Time 0.085 (0.094)  Loss 0.7117 (0.6565)  Prec@1 53.906 (58.758)
Test: [90/195]  Time 0.083 (0.095)  Loss 0.7021 (0.6559)  Prec@1 58.594 (58.868)
Test: [100/195]  Time 0.080 (0.095)  Loss 0.6540 (0.6570)  Prec@1 57.812 (58.648)
Test: [110/195]  Time 0.079 (0.095)  Loss 0.6911 (0.6574)  Prec@1 60.156 (58.664)
Test: [120/195]  Time 0.078 (0.095)  Loss 0.6231 (0.6565)  Prec@1 62.500 (58.775)
Test: [130/195]  Time 0.079 (0.095)  Loss 0.6429 (0.6550)  Prec@1 58.594 (58.952)
Test: [140/195]  Time 0.095 (0.094)  Loss 0.6138 (0.6559)  Prec@1 56.250 (58.865)
Test: [150/195]  Time 0.074 (0.095)  Loss 0.6909 (0.6570)  Prec@1 57.031 (58.749)
Test: [160/195]  Time 0.082 (0.095)  Loss 0.6023 (0.6561)  Prec@1 66.406 (58.778)
Test: [170/195]  Time 0.077 (0.095)  Loss 0.6523 (0.6566)  Prec@1 62.500 (58.630)
Test: [180/195]  Time 0.072 (0.095)  Loss 0.6581 (0.6579)  Prec@1 61.719 (58.568)
Test: [190/195]  Time 0.084 (0.095)  Loss 0.6313 (0.6579)  Prec@1 55.469 (58.496)
 * Prec@1 58.578
Epoch: [8][10/195]  Time 0.494 (0.520)  Data 0.004 (0.004)  Loss 0.5876 (0.5833)  Prec@1 66.406 (66.548)
Epoch: [8][20/195]  Time 0.392 (0.528)  Data 0.005 (0.011)  Loss 0.5780 (0.5719)  Prec@1 71.094 (67.932)
Epoch: [8][30/195]  Time 0.525 (0.535)  Data 0.004 (0.015)  Loss 0.5833 (0.5783)  Prec@1 67.969 (67.540)
Epoch: [8][40/195]  Time 0.511 (0.543)  Data 0.004 (0.015)  Loss 0.5673 (0.5761)  Prec@1 70.312 (67.607)
Epoch: [8][50/195]  Time 0.546 (0.541)  Data 0.004 (0.016)  Loss 0.6002 (0.5736)  Prec@1 66.406 (67.586)
Epoch: [8][60/195]  Time 0.533 (0.548)  Data 0.005 (0.017)  Loss 0.5367 (0.5699)  Prec@1 72.656 (67.789)
Epoch: [8][70/195]  Time 0.526 (0.550)  Data 0.004 (0.018)  Loss 0.5402 (0.5657)  Prec@1 67.188 (67.980)
Epoch: [8][80/195]  Time 0.541 (0.548)  Data 0.004 (0.018)  Loss 0.5652 (0.5669)  Prec@1 68.750 (67.872)
Epoch: [8][90/195]  Time 0.554 (0.545)  Data 0.005 (0.018)  Loss 0.5687 (0.5634)  Prec@1 63.281 (67.943)
Epoch: [8][100/195]  Time 0.534 (0.543)  Data 0.004 (0.018)  Loss 0.5275 (0.5624)  Prec@1 68.750 (67.930)
Epoch: [8][110/195]  Time 0.556 (0.542)  Data 0.004 (0.018)  Loss 0.5692 (0.5622)  Prec@1 62.500 (67.884)
Epoch: [8][120/195]  Time 0.500 (0.540)  Data 0.004 (0.018)  Loss 0.5705 (0.5650)  Prec@1 72.656 (67.736)
Epoch: [8][130/195]  Time 0.481 (0.540)  Data 0.005 (0.019)  Loss 0.6062 (0.5668)  Prec@1 67.188 (67.581)
Epoch: [8][140/195]  Time 0.518 (0.540)  Data 0.004 (0.019)  Loss 0.5805 (0.5669)  Prec@1 62.500 (67.564)
Epoch: [8][150/195]  Time 0.532 (0.539)  Data 0.004 (0.019)  Loss 0.5231 (0.5661)  Prec@1 73.438 (67.679)
Epoch: [8][160/195]  Time 0.486 (0.538)  Data 0.006 (0.019)  Loss 0.5602 (0.5654)  Prec@1 69.531 (67.702)
Epoch: [8][170/195]  Time 0.527 (0.544)  Data 0.006 (0.019)  Loss 0.5445 (0.5663)  Prec@1 68.750 (67.672)
Epoch: [8][180/195]  Time 0.540 (0.544)  Data 0.006 (0.019)  Loss 0.5668 (0.5660)  Prec@1 67.188 (67.697)
Epoch: [8][190/195]  Time 0.543 (0.542)  Data 0.006 (0.020)  Loss 0.5966 (0.5658)  Prec@1 61.719 (67.744)
Test: [10/195]  Time 0.100 (0.097)  Loss 0.6083 (0.6632)  Prec@1 66.406 (60.653)
Test: [20/195]  Time 0.099 (0.112)  Loss 0.6394 (0.6719)  Prec@1 60.156 (59.487)
Test: [30/195]  Time 0.088 (0.111)  Loss 0.5801 (0.6718)  Prec@1 71.094 (59.980)
Test: [40/195]  Time 0.106 (0.112)  Loss 0.6713 (0.6660)  Prec@1 60.938 (59.909)
Test: [50/195]  Time 0.108 (0.113)  Loss 0.6634 (0.6665)  Prec@1 57.812 (59.651)
Test: [60/195]  Time 0.090 (0.112)  Loss 0.6178 (0.6660)  Prec@1 65.625 (59.695)
Test: [70/195]  Time 0.083 (0.111)  Loss 0.6900 (0.6673)  Prec@1 56.250 (59.606)
Test: [80/195]  Time 0.107 (0.110)  Loss 0.6730 (0.6668)  Prec@1 63.281 (59.722)
Test: [90/195]  Time 0.100 (0.111)  Loss 0.6746 (0.6658)  Prec@1 57.812 (59.882)
Test: [100/195]  Time 0.100 (0.111)  Loss 0.6416 (0.6658)  Prec@1 61.719 (59.708)
Test: [110/195]  Time 0.100 (0.112)  Loss 0.6358 (0.6672)  Prec@1 56.250 (59.671)
Test: [120/195]  Time 0.091 (0.111)  Loss 0.6899 (0.6670)  Prec@1 57.031 (59.646)
Test: [130/195]  Time 0.092 (0.111)  Loss 0.6575 (0.6667)  Prec@1 60.156 (59.584)
Test: [140/195]  Time 0.093 (0.111)  Loss 0.7372 (0.6672)  Prec@1 52.344 (59.408)
Test: [150/195]  Time 0.097 (0.111)  Loss 0.7407 (0.6678)  Prec@1 58.594 (59.416)
Test: [160/195]  Time 0.100 (0.111)  Loss 0.6391 (0.6665)  Prec@1 59.375 (59.511)
Test: [170/195]  Time 0.099 (0.111)  Loss 0.6922 (0.6679)  Prec@1 55.469 (59.457)
Test: [180/195]  Time 0.095 (0.111)  Loss 0.6131 (0.6678)  Prec@1 65.625 (59.457)
Test: [190/195]  Time 0.097 (0.111)  Loss 0.6501 (0.6679)  Prec@1 60.938 (59.481)
 * Prec@1 59.419
Epoch: [9][10/195]  Time 0.488 (0.540)  Data 0.006 (0.006)  Loss 0.5274 (0.5355)  Prec@1 69.531 (71.378)
Epoch: [9][20/195]  Time 0.587 (0.541)  Data 0.004 (0.012)  Loss 0.5414 (0.5396)  Prec@1 62.500 (70.164)
Epoch: [9][30/195]  Time 0.472 (0.539)  Data 0.004 (0.014)  Loss 0.6021 (0.5445)  Prec@1 70.312 (69.582)
Epoch: [9][40/195]  Time 0.513 (0.536)  Data 0.004 (0.015)  Loss 0.5400 (0.5503)  Prec@1 75.000 (68.979)
Epoch: [9][50/195]  Time 0.602 (0.541)  Data 0.005 (0.016)  Loss 0.5592 (0.5538)  Prec@1 70.312 (68.643)
Epoch: [9][60/195]  Time 0.787 (0.556)  Data 0.004 (0.017)  Loss 0.6060 (0.5589)  Prec@1 67.188 (68.212)
Epoch: [9][70/195]  Time 0.505 (0.551)  Data 0.004 (0.017)  Loss 0.4989 (0.5567)  Prec@1 71.875 (68.497)
Epoch: [9][80/195]  Time 0.549 (0.548)  Data 0.004 (0.018)  Loss 0.5429 (0.5538)  Prec@1 60.938 (68.798)
Epoch: [9][90/195]  Time 0.535 (0.545)  Data 0.004 (0.018)  Loss 0.5805 (0.5541)  Prec@1 75.781 (68.973)
Epoch: [9][100/195]  Time 0.502 (0.552)  Data 0.004 (0.018)  Loss 0.6049 (0.5549)  Prec@1 67.969 (68.951)
Epoch: [9][110/195]  Time 0.550 (0.550)  Data 0.006 (0.018)  Loss 0.5394 (0.5541)  Prec@1 78.906 (69.193)
Epoch: [9][120/195]  Time 0.445 (0.551)  Data 0.005 (0.018)  Loss 0.5476 (0.5555)  Prec@1 67.969 (69.118)
Epoch: [9][130/195]  Time 0.499 (0.551)  Data 0.005 (0.018)  Loss 0.4904 (0.5543)  Prec@1 75.781 (69.245)
Epoch: [9][140/195]  Time 0.519 (0.549)  Data 0.004 (0.018)  Loss 0.5533 (0.5516)  Prec@1 70.312 (69.515)
Epoch: [9][150/195]  Time 0.493 (0.546)  Data 0.003 (0.018)  Loss 0.6545 (0.5512)  Prec@1 60.156 (69.630)
Epoch: [9][160/195]  Time 0.524 (0.545)  Data 0.004 (0.018)  Loss 0.4857 (0.5495)  Prec@1 75.781 (69.832)
Epoch: [9][170/195]  Time 0.447 (0.543)  Data 0.004 (0.018)  Loss 0.5728 (0.5499)  Prec@1 67.969 (69.824)
Epoch: [9][180/195]  Time 0.543 (0.542)  Data 0.004 (0.018)  Loss 0.5429 (0.5499)  Prec@1 73.438 (69.954)
Epoch: [9][190/195]  Time 0.504 (0.541)  Data 0.004 (0.018)  Loss 0.5398 (0.5501)  Prec@1 70.312 (69.957)
Test: [10/195]  Time 0.101 (0.096)  Loss 0.6527 (0.6275)  Prec@1 61.719 (66.122)
Test: [20/195]  Time 0.081 (0.105)  Loss 0.5676 (0.6234)  Prec@1 75.781 (66.667)
Test: [30/195]  Time 0.097 (0.105)  Loss 0.7213 (0.6188)  Prec@1 58.594 (67.162)
Test: [40/195]  Time 0.095 (0.106)  Loss 0.6212 (0.6204)  Prec@1 68.750 (67.111)
Test: [50/195]  Time 0.099 (0.109)  Loss 0.5366 (0.6217)  Prec@1 69.531 (67.034)
Test: [60/195]  Time 0.072 (0.111)  Loss 0.7298 (0.6221)  Prec@1 58.594 (67.008)
Test: [70/195]  Time 0.083 (0.110)  Loss 0.5631 (0.6216)  Prec@1 74.219 (67.210)
Test: [80/195]  Time 0.095 (0.110)  Loss 0.6113 (0.6218)  Prec@1 68.750 (67.284)
Test: [90/195]  Time 0.084 (0.110)  Loss 0.6890 (0.6236)  Prec@1 61.719 (67.179)
Test: [100/195]  Time 0.088 (0.111)  Loss 0.5479 (0.6238)  Prec@1 74.219 (67.095)
Test: [110/195]  Time 0.092 (0.111)  Loss 0.7327 (0.6245)  Prec@1 57.812 (67.103)
Test: [120/195]  Time 0.100 (0.111)  Loss 0.6497 (0.6241)  Prec@1 64.062 (67.142)
Test: [130/195]  Time 0.099 (0.111)  Loss 0.6418 (0.6237)  Prec@1 64.844 (67.170)
Test: [140/195]  Time 0.094 (0.112)  Loss 0.5991 (0.6236)  Prec@1 68.750 (67.298)
Test: [150/195]  Time 0.099 (0.111)  Loss 0.6726 (0.6230)  Prec@1 60.156 (67.301)
Test: [160/195]  Time 0.098 (0.112)  Loss 0.6012 (0.6225)  Prec@1 69.531 (67.294)
Test: [170/195]  Time 0.100 (0.112)  Loss 0.5806 (0.6233)  Prec@1 75.781 (67.206)
Test: [180/195]  Time 0.100 (0.112)  Loss 0.6473 (0.6235)  Prec@1 67.969 (67.123)
Test: [190/195]  Time 0.100 (0.112)  Loss 0.6494 (0.6226)  Prec@1 67.188 (67.110)
 * Prec@1 67.127
Epoch: [10][10/195]  Time 0.501 (0.550)  Data 0.006 (0.007)  Loss 0.5563 (0.5475)  Prec@1 74.219 (70.384)
Epoch: [10][20/195]  Time 0.525 (0.556)  Data 0.005 (0.013)  Loss 0.5198 (0.5419)  Prec@1 71.094 (70.499)
Epoch: [10][30/195]  Time 0.408 (0.553)  Data 0.005 (0.015)  Loss 0.4904 (0.5384)  Prec@1 70.312 (70.565)
Epoch: [10][40/195]  Time 0.525 (0.549)  Data 0.005 (0.016)  Loss 0.5210 (0.5341)  Prec@1 73.438 (71.494)
Epoch: [10][50/195]  Time 0.546 (0.548)  Data 0.007 (0.017)  Loss 0.5263 (0.5400)  Prec@1 71.875 (70.787)
Epoch: [10][60/195]  Time 0.511 (0.550)  Data 0.006 (0.018)  Loss 0.4816 (0.5384)  Prec@1 73.438 (71.055)
Epoch: [10][70/195]  Time 0.516 (0.553)  Data 0.004 (0.018)  Loss 0.5222 (0.5390)  Prec@1 75.000 (71.215)
Epoch: [10][80/195]  Time 0.864 (0.558)  Data 0.005 (0.018)  Loss 0.5183 (0.5394)  Prec@1 74.219 (71.219)
Epoch: [10][90/195]  Time 0.547 (0.554)  Data 0.005 (0.018)  Loss 0.4677 (0.5377)  Prec@1 80.469 (71.566)
Epoch: [10][100/195]  Time 0.520 (0.551)  Data 0.004 (0.019)  Loss 0.4916 (0.5366)  Prec@1 75.000 (71.666)
Epoch: [10][110/195]  Time 0.571 (0.549)  Data 0.004 (0.019)  Loss 0.5642 (0.5358)  Prec@1 67.969 (71.706)
Epoch: [10][120/195]  Time 0.468 (0.548)  Data 0.004 (0.019)  Loss 0.5283 (0.5315)  Prec@1 71.094 (72.101)
Epoch: [10][130/195]  Time 0.493 (0.550)  Data 0.005 (0.019)  Loss 0.5379 (0.5302)  Prec@1 69.531 (72.298)
Epoch: [10][140/195]  Time 0.542 (0.549)  Data 0.007 (0.019)  Loss 0.5646 (0.5307)  Prec@1 71.094 (72.296)
Epoch: [10][150/195]  Time 0.450 (0.547)  Data 0.005 (0.019)  Loss 0.4994 (0.5288)  Prec@1 78.125 (72.475)
Epoch: [10][160/195]  Time 0.537 (0.547)  Data 0.005 (0.019)  Loss 0.6417 (0.5298)  Prec@1 66.406 (72.501)
Epoch: [10][170/195]  Time 0.548 (0.546)  Data 0.005 (0.019)  Loss 0.5039 (0.5292)  Prec@1 78.125 (72.583)
Epoch: [10][180/195]  Time 0.519 (0.545)  Data 0.005 (0.019)  Loss 0.5393 (0.5291)  Prec@1 76.562 (72.661)
Epoch: [10][190/195]  Time 0.504 (0.544)  Data 0.004 (0.019)  Loss 0.5592 (0.5281)  Prec@1 75.781 (72.783)
Test: [10/195]  Time 0.079 (0.074)  Loss 0.6815 (0.5987)  Prec@1 60.156 (68.963)
Test: [20/195]  Time 0.082 (0.083)  Loss 0.6547 (0.5950)  Prec@1 71.094 (69.308)
Test: [30/195]  Time 0.095 (0.089)  Loss 0.5687 (0.6036)  Prec@1 68.750 (68.952)
Test: [40/195]  Time 0.079 (0.089)  Loss 0.5982 (0.6070)  Prec@1 67.969 (68.559)
Test: [50/195]  Time 0.069 (0.092)  Loss 0.6535 (0.6093)  Prec@1 64.844 (68.536)
Test: [60/195]  Time 0.079 (0.092)  Loss 0.6368 (0.6072)  Prec@1 68.750 (68.699)
Test: [70/195]  Time 0.060 (0.092)  Loss 0.6003 (0.6069)  Prec@1 69.531 (68.728)
Test: [80/195]  Time 0.078 (0.091)  Loss 0.6165 (0.6061)  Prec@1 66.406 (68.760)
Test: [90/195]  Time 0.077 (0.091)  Loss 0.6048 (0.6058)  Prec@1 64.844 (68.767)
Test: [100/195]  Time 0.054 (0.091)  Loss 0.6355 (0.6058)  Prec@1 62.500 (68.657)
Test: [110/195]  Time 0.065 (0.091)  Loss 0.6029 (0.6050)  Prec@1 67.969 (68.799)
Test: [120/195]  Time 0.068 (0.091)  Loss 0.6427 (0.6052)  Prec@1 66.406 (68.931)
Test: [130/195]  Time 0.077 (0.091)  Loss 0.6224 (0.6055)  Prec@1 69.531 (68.959)
Test: [140/195]  Time 0.070 (0.091)  Loss 0.6567 (0.6056)  Prec@1 65.625 (68.933)
Test: [150/195]  Time 0.079 (0.091)  Loss 0.6186 (0.6056)  Prec@1 68.750 (68.957)
Test: [160/195]  Time 0.163 (0.092)  Loss 0.6072 (0.6061)  Prec@1 70.312 (68.900)
Test: [170/195]  Time 0.079 (0.092)  Loss 0.5805 (0.6057)  Prec@1 71.875 (68.960)
Test: [180/195]  Time 0.075 (0.092)  Loss 0.6420 (0.6057)  Prec@1 63.281 (68.918)
Test: [190/195]  Time 0.081 (0.092)  Loss 0.6133 (0.6063)  Prec@1 67.188 (68.811)
 * Prec@1 68.842
Epoch: [11][10/195]  Time 0.527 (0.522)  Data 0.004 (0.004)  Loss 0.5787 (0.5036)  Prec@1 73.438 (75.284)
Epoch: [11][20/195]  Time 0.482 (0.519)  Data 0.004 (0.011)  Loss 0.5052 (0.5068)  Prec@1 75.000 (75.521)
Epoch: [11][30/195]  Time 0.445 (0.545)  Data 0.004 (0.014)  Loss 0.4176 (0.4939)  Prec@1 82.812 (76.285)
Epoch: [11][40/195]  Time 0.441 (0.540)  Data 0.004 (0.015)  Loss 0.4937 (0.5026)  Prec@1 79.688 (75.762)
Epoch: [11][50/195]  Time 0.461 (0.539)  Data 0.005 (0.015)  Loss 0.4965 (0.5063)  Prec@1 77.344 (75.521)
Epoch: [11][60/195]  Time 0.485 (0.536)  Data 0.004 (0.016)  Loss 0.4580 (0.5043)  Prec@1 77.344 (75.551)
Epoch: [11][70/195]  Time 0.472 (0.531)  Data 0.004 (0.017)  Loss 0.5711 (0.5036)  Prec@1 71.094 (75.418)
Epoch: [11][80/195]  Time 0.527 (0.541)  Data 0.004 (0.017)  Loss 0.5315 (0.5042)  Prec@1 71.094 (75.280)
Epoch: [11][90/195]  Time 0.492 (0.542)  Data 0.004 (0.017)  Loss 0.4951 (0.5079)  Prec@1 73.438 (74.923)
Epoch: [11][100/195]  Time 0.450 (0.540)  Data 0.005 (0.017)  Loss 0.4938 (0.5106)  Prec@1 76.562 (74.737)
Epoch: [11][110/195]  Time 0.533 (0.539)  Data 0.005 (0.018)  Loss 0.5022 (0.5118)  Prec@1 75.781 (74.620)
Epoch: [11][120/195]  Time 0.496 (0.541)  Data 0.004 (0.018)  Loss 0.5525 (0.5130)  Prec@1 73.438 (74.374)
Epoch: [11][130/195]  Time 0.561 (0.542)  Data 0.004 (0.018)  Loss 0.5191 (0.5144)  Prec@1 68.750 (74.099)
Epoch: [11][140/195]  Time 0.437 (0.541)  Data 0.004 (0.018)  Loss 0.4900 (0.5136)  Prec@1 77.344 (74.163)
Epoch: [11][150/195]  Time 0.505 (0.538)  Data 0.004 (0.018)  Loss 0.4868 (0.5130)  Prec@1 78.906 (74.296)
Epoch: [11][160/195]  Time 0.549 (0.538)  Data 0.004 (0.018)  Loss 0.5222 (0.5132)  Prec@1 72.656 (74.301)
Epoch: [11][170/195]  Time 0.440 (0.538)  Data 0.004 (0.018)  Loss 0.6054 (0.5157)  Prec@1 62.500 (74.063)
Epoch: [11][180/195]  Time 0.522 (0.538)  Data 0.004 (0.018)  Loss 0.5121 (0.5171)  Prec@1 73.438 (73.865)
Epoch: [11][190/195]  Time 0.523 (0.539)  Data 0.004 (0.018)  Loss 0.4769 (0.5162)  Prec@1 73.438 (73.904)
Test: [10/195]  Time 0.079 (0.088)  Loss 0.8022 (0.7827)  Prec@1 63.281 (60.653)
Test: [20/195]  Time 0.074 (0.088)  Loss 0.7036 (0.7711)  Prec@1 60.938 (61.347)
Test: [30/195]  Time 0.075 (0.089)  Loss 0.9294 (0.7811)  Prec@1 51.562 (60.786)
Test: [40/195]  Time 0.080 (0.089)  Loss 0.8643 (0.7778)  Prec@1 54.688 (60.995)
Test: [50/195]  Time 0.069 (0.090)  Loss 0.6583 (0.7716)  Prec@1 64.844 (61.198)
Test: [60/195]  Time 0.083 (0.090)  Loss 0.6922 (0.7738)  Prec@1 61.719 (60.937)
Test: [70/195]  Time 0.083 (0.090)  Loss 0.7671 (0.7706)  Prec@1 60.938 (61.202)
Test: [80/195]  Time 0.084 (0.091)  Loss 0.8104 (0.7684)  Prec@1 54.688 (61.227)
Test: [90/195]  Time 0.084 (0.092)  Loss 0.7309 (0.7710)  Prec@1 64.844 (61.023)
Test: [100/195]  Time 0.083 (0.093)  Loss 0.7738 (0.7714)  Prec@1 61.719 (60.930)
Test: [110/195]  Time 0.084 (0.093)  Loss 0.7980 (0.7740)  Prec@1 57.812 (60.712)
Test: [120/195]  Time 0.156 (0.094)  Loss 0.6866 (0.7750)  Prec@1 68.750 (60.686)
Test: [130/195]  Time 0.081 (0.094)  Loss 0.7683 (0.7741)  Prec@1 65.625 (60.705)
Test: [140/195]  Time 0.072 (0.094)  Loss 0.7426 (0.7747)  Prec@1 61.719 (60.660)
Test: [150/195]  Time 0.080 (0.094)  Loss 0.8212 (0.7771)  Prec@1 57.812 (60.565)
Test: [160/195]  Time 0.085 (0.094)  Loss 0.8538 (0.7756)  Prec@1 54.688 (60.637)
Test: [170/195]  Time 0.068 (0.094)  Loss 0.7337 (0.7771)  Prec@1 60.938 (60.522)
Test: [180/195]  Time 0.070 (0.094)  Loss 0.8271 (0.7776)  Prec@1 57.812 (60.536)
Test: [190/195]  Time 0.083 (0.094)  Loss 0.7426 (0.7760)  Prec@1 62.500 (60.553)
 * Prec@1 60.517
Epoch: [12][10/195]  Time 0.501 (0.534)  Data 0.004 (0.004)  Loss 0.5289 (0.4919)  Prec@1 74.219 (75.710)
Epoch: [12][20/195]  Time 0.522 (0.535)  Data 0.005 (0.011)  Loss 0.4957 (0.4977)  Prec@1 77.344 (75.521)
Epoch: [12][30/195]  Time 0.532 (0.542)  Data 0.005 (0.015)  Loss 0.5067 (0.5051)  Prec@1 77.344 (75.101)
Epoch: [12][40/195]  Time 0.534 (0.536)  Data 0.004 (0.016)  Loss 0.4061 (0.5081)  Prec@1 79.688 (74.733)
Epoch: [12][50/195]  Time 0.534 (0.540)  Data 0.005 (0.017)  Loss 0.4644 (0.5091)  Prec@1 77.344 (74.617)
Epoch: [12][60/195]  Time 0.506 (0.538)  Data 0.006 (0.017)  Loss 0.5433 (0.5103)  Prec@1 69.531 (74.436)
Epoch: [12][70/195]  Time 0.432 (0.537)  Data 0.004 (0.017)  Loss 0.4768 (0.5161)  Prec@1 73.438 (73.680)
Epoch: [12][80/195]  Time 0.452 (0.536)  Data 0.004 (0.018)  Loss 0.5174 (0.5172)  Prec@1 69.531 (73.264)
Epoch: [12][90/195]  Time 0.550 (0.536)  Data 0.005 (0.018)  Loss 0.5778 (0.5163)  Prec@1 69.531 (73.231)
Epoch: [12][100/195]  Time 0.506 (0.537)  Data 0.004 (0.018)  Loss 0.5067 (0.5149)  Prec@1 70.312 (73.205)
Epoch: [12][110/195]  Time 0.503 (0.540)  Data 0.011 (0.018)  Loss 0.5805 (0.5131)  Prec@1 69.531 (73.402)
Epoch: [12][120/195]  Time 0.525 (0.543)  Data 0.005 (0.018)  Loss 0.4837 (0.5134)  Prec@1 74.219 (73.444)
Epoch: [12][130/195]  Time 0.651 (0.546)  Data 0.005 (0.018)  Loss 0.4475 (0.5104)  Prec@1 78.906 (73.855)
Epoch: [12][140/195]  Time 0.554 (0.548)  Data 0.005 (0.018)  Loss 0.5412 (0.5094)  Prec@1 75.781 (73.920)
Epoch: [12][150/195]  Time 0.522 (0.546)  Data 0.005 (0.018)  Loss 0.5098 (0.5090)  Prec@1 69.531 (73.965)
Epoch: [12][160/195]  Time 0.546 (0.546)  Data 0.005 (0.019)  Loss 0.4973 (0.5086)  Prec@1 77.344 (74.078)
Epoch: [12][170/195]  Time 0.472 (0.545)  Data 0.004 (0.019)  Loss 0.5054 (0.5073)  Prec@1 72.656 (74.237)
Epoch: [12][180/195]  Time 0.537 (0.545)  Data 0.008 (0.019)  Loss 0.5823 (0.5081)  Prec@1 72.656 (74.292)
Epoch: [12][190/195]  Time 0.506 (0.545)  Data 0.004 (0.019)  Loss 0.4828 (0.5066)  Prec@1 75.000 (74.431)
Test: [10/195]  Time 0.079 (0.081)  Loss 0.7436 (0.6648)  Prec@1 60.156 (64.276)
Test: [20/195]  Time 0.082 (0.091)  Loss 0.6519 (0.6561)  Prec@1 64.062 (64.435)
Test: [30/195]  Time 0.082 (0.091)  Loss 0.8093 (0.6709)  Prec@1 61.719 (63.634)
Test: [40/195]  Time 0.082 (0.093)  Loss 0.6543 (0.6768)  Prec@1 68.750 (63.186)
Test: [50/195]  Time 0.083 (0.093)  Loss 0.6493 (0.6831)  Prec@1 64.062 (62.960)
Test: [60/195]  Time 0.083 (0.094)  Loss 0.6351 (0.6848)  Prec@1 63.281 (62.859)
Test: [70/195]  Time 0.080 (0.094)  Loss 0.6971 (0.6836)  Prec@1 63.281 (62.907)
Test: [80/195]  Time 0.076 (0.094)  Loss 0.6306 (0.6800)  Prec@1 63.281 (63.050)
Test: [90/195]  Time 0.078 (0.094)  Loss 0.6578 (0.6746)  Prec@1 57.812 (63.230)
Test: [100/195]  Time 0.082 (0.094)  Loss 0.6514 (0.6727)  Prec@1 60.938 (63.072)
Test: [110/195]  Time 0.090 (0.094)  Loss 0.7908 (0.6738)  Prec@1 58.594 (63.007)
Test: [120/195]  Time 0.080 (0.094)  Loss 0.6629 (0.6737)  Prec@1 61.719 (63.171)
Test: [130/195]  Time 0.094 (0.096)  Loss 0.7054 (0.6727)  Prec@1 58.594 (63.156)
Test: [140/195]  Time 0.065 (0.097)  Loss 0.7126 (0.6743)  Prec@1 62.500 (63.049)
Test: [150/195]  Time 0.095 (0.098)  Loss 0.6835 (0.6755)  Prec@1 63.281 (63.111)
Test: [160/195]  Time 0.094 (0.098)  Loss 0.5612 (0.6727)  Prec@1 71.094 (63.393)
Test: [170/195]  Time 0.093 (0.099)  Loss 0.5981 (0.6719)  Prec@1 64.844 (63.354)
Test: [180/195]  Time 0.094 (0.100)  Loss 0.7243 (0.6727)  Prec@1 57.031 (63.359)
Test: [190/195]  Time 0.096 (0.101)  Loss 0.6511 (0.6709)  Prec@1 67.188 (63.498)
 * Prec@1 63.506
Epoch: [13][10/195]  Time 0.501 (0.550)  Data 0.006 (0.006)  Loss 0.5487 (0.4852)  Prec@1 71.875 (77.770)
Epoch: [13][20/195]  Time 0.508 (0.551)  Data 0.005 (0.013)  Loss 0.4380 (0.4758)  Prec@1 80.469 (78.237)
Epoch: [13][30/195]  Time 0.545 (0.544)  Data 0.005 (0.016)  Loss 0.5016 (0.4711)  Prec@1 81.250 (78.049)
Epoch: [13][40/195]  Time 0.471 (0.543)  Data 0.004 (0.016)  Loss 0.4930 (0.4726)  Prec@1 75.781 (77.896)
Epoch: [13][50/195]  Time 0.526 (0.554)  Data 0.004 (0.017)  Loss 0.5377 (0.4780)  Prec@1 71.094 (77.466)
Epoch: [13][60/195]  Time 0.518 (0.547)  Data 0.004 (0.017)  Loss 0.4866 (0.4797)  Prec@1 75.781 (77.280)
Epoch: [13][70/195]  Time 0.525 (0.551)  Data 0.004 (0.017)  Loss 0.4505 (0.4806)  Prec@1 79.688 (77.113)
Epoch: [13][80/195]  Time 0.514 (0.549)  Data 0.004 (0.018)  Loss 0.5705 (0.4821)  Prec@1 70.312 (76.968)
Epoch: [13][90/195]  Time 0.461 (0.544)  Data 0.004 (0.018)  Loss 0.4778 (0.4809)  Prec@1 77.344 (77.035)
Epoch: [13][100/195]  Time 0.444 (0.544)  Data 0.004 (0.018)  Loss 0.5076 (0.4795)  Prec@1 76.562 (77.158)
Epoch: [13][110/195]  Time 0.497 (0.543)  Data 0.007 (0.018)  Loss 0.4619 (0.4811)  Prec@1 79.688 (77.161)
Epoch: [13][120/195]  Time 0.533 (0.543)  Data 0.005 (0.018)  Loss 0.5417 (0.4779)  Prec@1 72.656 (77.389)
Epoch: [13][130/195]  Time 0.466 (0.541)  Data 0.004 (0.019)  Loss 0.5260 (0.4800)  Prec@1 71.875 (77.153)
Epoch: [13][140/195]  Time 0.653 (0.541)  Data 0.004 (0.019)  Loss 0.3666 (0.4787)  Prec@1 85.156 (77.272)
Epoch: [13][150/195]  Time 0.516 (0.541)  Data 0.027 (0.019)  Loss 0.5459 (0.4801)  Prec@1 71.094 (77.070)
Epoch: [13][160/195]  Time 0.523 (0.542)  Data 0.004 (0.019)  Loss 0.4874 (0.4809)  Prec@1 79.688 (77.043)
Epoch: [13][170/195]  Time 0.658 (0.542)  Data 0.005 (0.019)  Loss 0.4522 (0.4817)  Prec@1 80.469 (76.983)
Epoch: [13][180/195]  Time 0.518 (0.541)  Data 0.004 (0.019)  Loss 0.4525 (0.4813)  Prec@1 78.906 (77.050)
Epoch: [13][190/195]  Time 0.531 (0.540)  Data 0.005 (0.019)  Loss 0.5304 (0.4812)  Prec@1 76.562 (77.123)
Test: [10/195]  Time 0.082 (0.084)  Loss 0.6102 (0.5996)  Prec@1 73.438 (69.389)
Test: [20/195]  Time 0.064 (0.090)  Loss 0.5324 (0.5965)  Prec@1 73.438 (69.792)
Test: [30/195]  Time 0.084 (0.091)  Loss 0.6501 (0.5966)  Prec@1 64.844 (69.531)
Test: [40/195]  Time 0.078 (0.091)  Loss 0.6173 (0.5944)  Prec@1 67.188 (69.703)
Test: [50/195]  Time 0.078 (0.092)  Loss 0.5963 (0.5967)  Prec@1 71.094 (69.746)
Test: [60/195]  Time 0.086 (0.093)  Loss 0.5076 (0.5998)  Prec@1 77.344 (69.570)
Test: [70/195]  Time 0.076 (0.095)  Loss 0.4971 (0.6014)  Prec@1 74.219 (69.564)
Test: [80/195]  Time 0.086 (0.095)  Loss 0.6350 (0.6014)  Prec@1 70.312 (69.522)
Test: [90/195]  Time 0.082 (0.095)  Loss 0.5919 (0.6044)  Prec@1 67.969 (69.282)
Test: [100/195]  Time 0.083 (0.095)  Loss 0.6392 (0.6055)  Prec@1 67.969 (69.206)
Test: [110/195]  Time 0.095 (0.095)  Loss 0.5999 (0.6056)  Prec@1 69.531 (69.144)
Test: [120/195]  Time 0.080 (0.095)  Loss 0.7031 (0.6041)  Prec@1 66.406 (69.318)
Test: [130/195]  Time 0.089 (0.095)  Loss 0.6047 (0.6045)  Prec@1 67.188 (69.269)
Test: [140/195]  Time 0.075 (0.095)  Loss 0.5040 (0.6039)  Prec@1 75.781 (69.371)
Test: [150/195]  Time 0.072 (0.096)  Loss 0.6215 (0.6032)  Prec@1 64.844 (69.350)
Test: [160/195]  Time 0.075 (0.096)  Loss 0.6111 (0.6065)  Prec@1 67.969 (69.162)
Test: [170/195]  Time 0.089 (0.095)  Loss 0.5501 (0.6077)  Prec@1 75.000 (69.052)
Test: [180/195]  Time 0.083 (0.095)  Loss 0.6228 (0.6119)  Prec@1 71.094 (68.737)
Test: [190/195]  Time 0.087 (0.095)  Loss 0.5604 (0.6110)  Prec@1 68.750 (68.725)
 * Prec@1 68.786
Epoch: [14][10/195]  Time 0.603 (0.526)  Data 0.004 (0.006)  Loss 0.3918 (0.4673)  Prec@1 82.031 (77.912)
Epoch: [14][20/195]  Time 0.527 (0.522)  Data 0.005 (0.012)  Loss 0.4847 (0.4667)  Prec@1 76.562 (78.125)
Epoch: [14][30/195]  Time 0.497 (0.527)  Data 0.004 (0.015)  Loss 0.5030 (0.4669)  Prec@1 75.781 (77.898)
Epoch: [14][40/195]  Time 0.518 (0.529)  Data 0.005 (0.016)  Loss 0.3693 (0.4588)  Prec@1 89.062 (78.697)
Epoch: [14][50/195]  Time 0.515 (0.530)  Data 0.004 (0.017)  Loss 0.3909 (0.4545)  Prec@1 82.031 (78.922)
Epoch: [14][60/195]  Time 0.494 (0.531)  Data 0.004 (0.017)  Loss 0.5187 (0.4540)  Prec@1 70.312 (78.855)
Epoch: [14][70/195]  Time 0.527 (0.530)  Data 0.004 (0.017)  Loss 0.4693 (0.4539)  Prec@1 77.344 (78.752)
Epoch: [14][80/195]  Time 0.530 (0.530)  Data 0.004 (0.017)  Loss 0.3908 (0.4494)  Prec@1 79.688 (79.167)
Epoch: [14][90/195]  Time 0.529 (0.532)  Data 0.010 (0.018)  Loss 0.4537 (0.4530)  Prec@1 80.469 (78.984)
Epoch: [14][100/195]  Time 0.512 (0.540)  Data 0.004 (0.018)  Loss 0.4154 (0.4531)  Prec@1 81.250 (78.991)
Epoch: [14][110/195]  Time 0.533 (0.542)  Data 0.005 (0.018)  Loss 0.3710 (0.4511)  Prec@1 84.375 (79.146)
Epoch: [14][120/195]  Time 0.527 (0.544)  Data 0.004 (0.018)  Loss 0.4827 (0.4525)  Prec@1 75.000 (79.003)
Epoch: [14][130/195]  Time 0.541 (0.546)  Data 0.005 (0.018)  Loss 0.4736 (0.4533)  Prec@1 77.344 (78.972)
Epoch: [14][140/195]  Time 0.718 (0.546)  Data 0.005 (0.019)  Loss 0.5008 (0.4557)  Prec@1 77.344 (78.884)
Epoch: [14][150/195]  Time 0.836 (0.546)  Data 0.005 (0.019)  Loss 0.3863 (0.4558)  Prec@1 85.156 (78.875)
Epoch: [14][160/195]  Time 0.481 (0.545)  Data 0.004 (0.019)  Loss 0.5233 (0.4558)  Prec@1 76.562 (78.882)
Epoch: [14][170/195]  Time 0.494 (0.543)  Data 0.005 (0.019)  Loss 0.3985 (0.4572)  Prec@1 80.469 (78.774)
Epoch: [14][180/195]  Time 0.558 (0.542)  Data 0.005 (0.019)  Loss 0.4882 (0.4571)  Prec@1 76.562 (78.755)
Epoch: [14][190/195]  Time 0.529 (0.541)  Data 0.004 (0.019)  Loss 0.4300 (0.4574)  Prec@1 80.469 (78.755)
Test: [10/195]  Time 0.088 (0.086)  Loss 0.5029 (0.5689)  Prec@1 74.219 (72.372)
Test: [20/195]  Time 0.077 (0.090)  Loss 0.6265 (0.5790)  Prec@1 71.094 (71.317)
Test: [30/195]  Time 0.072 (0.093)  Loss 0.5018 (0.5765)  Prec@1 76.562 (71.598)
Test: [40/195]  Time 0.084 (0.094)  Loss 0.6377 (0.5775)  Prec@1 64.844 (71.380)
Test: [50/195]  Time 0.085 (0.093)  Loss 0.5896 (0.5725)  Prec@1 71.875 (71.921)
Test: [60/195]  Time 0.082 (0.093)  Loss 0.7057 (0.5757)  Prec@1 59.375 (71.696)
Test: [70/195]  Time 0.078 (0.093)  Loss 0.5477 (0.5750)  Prec@1 75.781 (71.710)
Test: [80/195]  Time 0.083 (0.094)  Loss 0.6394 (0.5747)  Prec@1 67.969 (71.730)
Test: [90/195]  Time 0.071 (0.094)  Loss 0.5168 (0.5737)  Prec@1 77.344 (71.763)
Test: [100/195]  Time 0.083 (0.095)  Loss 0.5645 (0.5743)  Prec@1 75.781 (71.682)
Test: [110/195]  Time 0.081 (0.095)  Loss 0.5877 (0.5713)  Prec@1 71.875 (71.988)
Test: [120/195]  Time 0.084 (0.095)  Loss 0.6101 (0.5737)  Prec@1 73.438 (71.843)
Test: [130/195]  Time 0.078 (0.095)  Loss 0.5056 (0.5738)  Prec@1 74.219 (71.863)
Test: [140/195]  Time 0.079 (0.095)  Loss 0.4889 (0.5722)  Prec@1 76.562 (71.914)
Test: [150/195]  Time 0.084 (0.096)  Loss 0.4504 (0.5700)  Prec@1 78.125 (72.041)
Test: [160/195]  Time 0.084 (0.096)  Loss 0.6317 (0.5731)  Prec@1 71.094 (71.875)
Test: [170/195]  Time 0.070 (0.096)  Loss 0.5347 (0.5734)  Prec@1 75.000 (71.893)
Test: [180/195]  Time 0.085 (0.096)  Loss 0.6169 (0.5735)  Prec@1 69.531 (71.815)
Test: [190/195]  Time 0.084 (0.096)  Loss 0.6631 (0.5759)  Prec@1 67.188 (71.658)
 * Prec@1 71.671
Epoch: [15][10/195]  Time 0.513 (0.498)  Data 0.005 (0.005)  Loss 0.4660 (0.4576)  Prec@1 75.781 (79.759)
Epoch: [15][20/195]  Time 0.522 (0.539)  Data 0.004 (0.013)  Loss 0.4300 (0.4458)  Prec@1 79.688 (80.060)
Epoch: [15][30/195]  Time 0.455 (0.527)  Data 0.004 (0.015)  Loss 0.3744 (0.4330)  Prec@1 83.594 (80.670)
Epoch: [15][40/195]  Time 0.784 (0.544)  Data 0.005 (0.016)  Loss 0.4366 (0.4317)  Prec@1 81.250 (80.964)
Epoch: [15][50/195]  Time 0.655 (0.544)  Data 0.005 (0.017)  Loss 0.4015 (0.4291)  Prec@1 82.812 (81.036)
Epoch: [15][60/195]  Time 0.537 (0.539)  Data 0.005 (0.017)  Loss 0.4097 (0.4362)  Prec@1 80.469 (80.494)
Epoch: [15][70/195]  Time 0.557 (0.537)  Data 0.005 (0.018)  Loss 0.4060 (0.4346)  Prec@1 82.031 (80.447)
Epoch: [15][80/195]  Time 0.456 (0.545)  Data 0.004 (0.018)  Loss 0.4073 (0.4342)  Prec@1 82.031 (80.527)
Epoch: [15][90/195]  Time 0.506 (0.544)  Data 0.052 (0.019)  Loss 0.4357 (0.4348)  Prec@1 77.344 (80.391)
Epoch: [15][100/195]  Time 0.537 (0.540)  Data 0.004 (0.019)  Loss 0.4416 (0.4356)  Prec@1 78.125 (80.275)
Epoch: [15][110/195]  Time 0.454 (0.539)  Data 0.004 (0.019)  Loss 0.4510 (0.4380)  Prec@1 79.688 (79.920)
Epoch: [15][120/195]  Time 0.673 (0.542)  Data 0.005 (0.019)  Loss 0.4718 (0.4370)  Prec@1 80.469 (79.984)
Epoch: [15][130/195]  Time 0.535 (0.540)  Data 0.004 (0.019)  Loss 0.4739 (0.4360)  Prec@1 75.781 (80.105)
Epoch: [15][140/195]  Time 0.454 (0.539)  Data 0.004 (0.019)  Loss 0.5080 (0.4361)  Prec@1 74.219 (80.142)
Epoch: [15][150/195]  Time 0.513 (0.538)  Data 0.005 (0.019)  Loss 0.4654 (0.4363)  Prec@1 77.344 (80.132)
Epoch: [15][160/195]  Time 0.686 (0.539)  Data 0.005 (0.019)  Loss 0.4259 (0.4371)  Prec@1 81.250 (80.095)
Epoch: [15][170/195]  Time 0.513 (0.540)  Data 0.004 (0.019)  Loss 0.3759 (0.4363)  Prec@1 84.375 (80.154)
Epoch: [15][180/195]  Time 0.509 (0.542)  Data 0.005 (0.019)  Loss 0.3953 (0.4350)  Prec@1 82.031 (80.236)
Epoch: [15][190/195]  Time 0.490 (0.542)  Data 0.005 (0.019)  Loss 0.4189 (0.4343)  Prec@1 80.469 (80.289)
Test: [10/195]  Time 0.094 (0.078)  Loss 0.5532 (0.5189)  Prec@1 71.875 (76.491)
Test: [20/195]  Time 0.084 (0.086)  Loss 0.4531 (0.5230)  Prec@1 77.344 (75.000)
Test: [30/195]  Time 0.083 (0.088)  Loss 0.5742 (0.5432)  Prec@1 72.656 (73.942)
Test: [40/195]  Time 0.084 (0.090)  Loss 0.5528 (0.5412)  Prec@1 75.000 (74.219)
Test: [50/195]  Time 0.084 (0.091)  Loss 0.4834 (0.5472)  Prec@1 78.125 (73.744)
Test: [60/195]  Time 0.082 (0.091)  Loss 0.6443 (0.5500)  Prec@1 66.406 (73.681)
Test: [70/195]  Time 0.078 (0.092)  Loss 0.5164 (0.5492)  Prec@1 71.875 (73.669)
Test: [80/195]  Time 0.063 (0.092)  Loss 0.5321 (0.5511)  Prec@1 73.438 (73.486)
Test: [90/195]  Time 0.158 (0.092)  Loss 0.5693 (0.5495)  Prec@1 73.438 (73.618)
Test: [100/195]  Time 0.082 (0.092)  Loss 0.5011 (0.5474)  Prec@1 81.250 (73.762)
Test: [110/195]  Time 0.072 (0.092)  Loss 0.5371 (0.5463)  Prec@1 79.688 (73.986)
Test: [120/195]  Time 0.109 (0.093)  Loss 0.4846 (0.5477)  Prec@1 81.250 (74.032)
Test: [130/195]  Time 0.081 (0.094)  Loss 0.5855 (0.5487)  Prec@1 72.656 (73.932)
Test: [140/195]  Time 0.098 (0.096)  Loss 0.5033 (0.5477)  Prec@1 75.781 (73.881)
Test: [150/195]  Time 0.099 (0.097)  Loss 0.5693 (0.5479)  Prec@1 72.656 (73.862)
Test: [160/195]  Time 0.101 (0.098)  Loss 0.5937 (0.5476)  Prec@1 71.094 (73.792)
Test: [170/195]  Time 0.078 (0.099)  Loss 0.4525 (0.5448)  Prec@1 81.250 (73.995)
Test: [180/195]  Time 0.094 (0.099)  Loss 0.5380 (0.5451)  Prec@1 72.656 (74.016)
Test: [190/195]  Time 0.102 (0.100)  Loss 0.5551 (0.5444)  Prec@1 75.781 (74.076)
 * Prec@1 74.135
Epoch: [16][10/195]  Time 0.504 (0.509)  Data 0.004 (0.005)  Loss 0.4380 (0.4224)  Prec@1 83.594 (81.747)
Epoch: [16][20/195]  Time 0.512 (0.529)  Data 0.005 (0.012)  Loss 0.3862 (0.4128)  Prec@1 82.812 (82.292)
Epoch: [16][30/195]  Time 0.474 (0.536)  Data 0.005 (0.015)  Loss 0.4324 (0.4105)  Prec@1 78.906 (82.132)
Epoch: [16][40/195]  Time 0.529 (0.538)  Data 0.004 (0.016)  Loss 0.3831 (0.4035)  Prec@1 83.594 (82.431)
Epoch: [16][50/195]  Time 0.572 (0.548)  Data 0.005 (0.017)  Loss 0.4061 (0.4079)  Prec@1 78.906 (82.001)
Epoch: [16][60/195]  Time 0.539 (0.550)  Data 0.004 (0.017)  Loss 0.3083 (0.4051)  Prec@1 89.844 (82.159)
Epoch: [16][70/195]  Time 0.442 (0.547)  Data 0.004 (0.017)  Loss 0.3665 (0.4012)  Prec@1 82.812 (82.361)
Epoch: [16][80/195]  Time 0.540 (0.544)  Data 0.004 (0.018)  Loss 0.4059 (0.4003)  Prec@1 81.250 (82.388)
Epoch: [16][90/195]  Time 0.620 (0.547)  Data 0.005 (0.018)  Loss 0.4710 (0.3971)  Prec@1 77.344 (82.555)
Epoch: [16][100/195]  Time 0.554 (0.542)  Data 0.005 (0.018)  Loss 0.3611 (0.3979)  Prec@1 86.719 (82.519)
Epoch: [16][110/195]  Time 0.526 (0.546)  Data 0.004 (0.018)  Loss 0.4054 (0.3976)  Prec@1 85.938 (82.644)
Epoch: [16][120/195]  Time 0.532 (0.545)  Data 0.003 (0.018)  Loss 0.4437 (0.3967)  Prec@1 80.469 (82.709)
Epoch: [16][130/195]  Time 0.507 (0.540)  Data 0.004 (0.018)  Loss 0.3528 (0.3963)  Prec@1 82.031 (82.663)
Epoch: [16][140/195]  Time 0.539 (0.540)  Data 0.031 (0.018)  Loss 0.4602 (0.3976)  Prec@1 82.031 (82.619)
Epoch: [16][150/195]  Time 0.529 (0.540)  Data 0.006 (0.019)  Loss 0.4629 (0.3988)  Prec@1 81.250 (82.559)
Epoch: [16][160/195]  Time 0.577 (0.542)  Data 0.004 (0.019)  Loss 0.3453 (0.4001)  Prec@1 83.594 (82.487)
Epoch: [16][170/195]  Time 0.456 (0.541)  Data 0.004 (0.019)  Loss 0.3544 (0.3991)  Prec@1 84.375 (82.534)
Epoch: [16][180/195]  Time 0.547 (0.539)  Data 0.016 (0.019)  Loss 0.2256 (0.3985)  Prec@1 96.875 (82.597)
Epoch: [16][190/195]  Time 0.529 (0.540)  Data 0.005 (0.019)  Loss 0.4200 (0.3990)  Prec@1 79.688 (82.583)
Test: [10/195]  Time 0.080 (0.080)  Loss 0.4816 (0.4827)  Prec@1 78.125 (78.196)
Test: [20/195]  Time 0.080 (0.085)  Loss 0.4833 (0.4816)  Prec@1 79.688 (78.125)
Test: [30/195]  Time 0.080 (0.088)  Loss 0.3995 (0.4846)  Prec@1 83.594 (77.545)
Test: [40/195]  Time 0.078 (0.093)  Loss 0.5779 (0.4953)  Prec@1 73.438 (76.886)
Test: [50/195]  Time 0.092 (0.094)  Loss 0.4752 (0.4896)  Prec@1 78.906 (77.114)
Test: [60/195]  Time 0.083 (0.097)  Loss 0.4621 (0.4897)  Prec@1 78.125 (77.139)
Test: [70/195]  Time 0.087 (0.098)  Loss 0.5435 (0.4955)  Prec@1 75.000 (76.849)
Test: [80/195]  Time 0.083 (0.099)  Loss 0.5399 (0.4935)  Prec@1 75.781 (77.064)
Test: [90/195]  Time 0.081 (0.099)  Loss 0.3870 (0.4917)  Prec@1 84.375 (77.172)
Test: [100/195]  Time 0.070 (0.098)  Loss 0.5457 (0.4932)  Prec@1 75.781 (77.181)
Test: [110/195]  Time 0.083 (0.098)  Loss 0.5455 (0.4970)  Prec@1 75.781 (76.964)
Test: [120/195]  Time 0.082 (0.098)  Loss 0.4912 (0.4981)  Prec@1 76.562 (76.853)
Test: [130/195]  Time 0.084 (0.098)  Loss 0.5260 (0.5006)  Prec@1 74.219 (76.652)
Test: [140/195]  Time 0.084 (0.097)  Loss 0.5111 (0.5012)  Prec@1 76.562 (76.695)
Test: [150/195]  Time 0.074 (0.097)  Loss 0.6093 (0.5025)  Prec@1 67.188 (76.614)
Test: [160/195]  Time 0.081 (0.097)  Loss 0.5601 (0.5033)  Prec@1 70.312 (76.577)
Test: [170/195]  Time 0.081 (0.097)  Loss 0.6307 (0.5049)  Prec@1 71.094 (76.494)
Test: [180/195]  Time 0.079 (0.096)  Loss 0.5228 (0.5059)  Prec@1 74.219 (76.403)
Test: [190/195]  Time 0.131 (0.096)  Loss 0.4992 (0.5057)  Prec@1 78.906 (76.403)
 * Prec@1 76.430
Epoch: [17][10/195]  Time 0.527 (0.581)  Data 0.005 (0.005)  Loss 0.4475 (0.3955)  Prec@1 81.250 (82.741)
Epoch: [17][20/195]  Time 0.513 (0.552)  Data 0.004 (0.012)  Loss 0.3571 (0.3828)  Prec@1 83.594 (83.668)
Epoch: [17][30/195]  Time 0.534 (0.552)  Data 0.005 (0.014)  Loss 0.4644 (0.3821)  Prec@1 82.031 (83.619)
Epoch: [17][40/195]  Time 0.418 (0.543)  Data 0.004 (0.015)  Loss 0.4346 (0.3836)  Prec@1 75.000 (83.289)
Epoch: [17][50/195]  Time 0.509 (0.542)  Data 0.004 (0.016)  Loss 0.4486 (0.3848)  Prec@1 78.125 (83.165)
Epoch: [17][60/195]  Time 0.554 (0.545)  Data 0.005 (0.016)  Loss 0.3984 (0.3883)  Prec@1 85.156 (83.069)
Epoch: [17][70/195]  Time 0.508 (0.545)  Data 0.004 (0.017)  Loss 0.3669 (0.3884)  Prec@1 84.375 (83.033)
Epoch: [17][80/195]  Time 0.480 (0.543)  Data 0.004 (0.017)  Loss 0.2967 (0.3886)  Prec@1 89.844 (83.160)
Epoch: [17][90/195]  Time 0.522 (0.543)  Data 0.004 (0.017)  Loss 0.3944 (0.3891)  Prec@1 82.812 (83.053)
Epoch: [17][100/195]  Time 0.482 (0.541)  Data 0.004 (0.017)  Loss 0.4235 (0.3886)  Prec@1 77.344 (83.021)
Epoch: [17][110/195]  Time 0.538 (0.539)  Data 0.005 (0.017)  Loss 0.4495 (0.3902)  Prec@1 79.688 (83.059)
Epoch: [17][120/195]  Time 0.545 (0.538)  Data 0.004 (0.018)  Loss 0.3870 (0.3890)  Prec@1 85.938 (83.084)
Epoch: [17][130/195]  Time 0.541 (0.538)  Data 0.005 (0.018)  Loss 0.4242 (0.3883)  Prec@1 78.906 (83.117)
Epoch: [17][140/195]  Time 0.609 (0.537)  Data 0.004 (0.018)  Loss 0.3930 (0.3871)  Prec@1 85.156 (83.223)
Epoch: [17][150/195]  Time 0.537 (0.537)  Data 0.004 (0.018)  Loss 0.3848 (0.3881)  Prec@1 85.938 (83.154)
Epoch: [17][160/195]  Time 0.520 (0.538)  Data 0.005 (0.018)  Loss 0.3871 (0.3876)  Prec@1 82.031 (83.196)
Epoch: [17][170/195]  Time 0.567 (0.540)  Data 0.005 (0.018)  Loss 0.3200 (0.3876)  Prec@1 85.156 (83.183)
Epoch: [17][180/195]  Time 0.453 (0.540)  Data 0.005 (0.018)  Loss 0.2999 (0.3872)  Prec@1 89.844 (83.188)
Epoch: [17][190/195]  Time 0.810 (0.541)  Data 0.005 (0.018)  Loss 0.3735 (0.3867)  Prec@1 84.375 (83.209)
Test: [10/195]  Time 0.073 (0.081)  Loss 0.4791 (0.5098)  Prec@1 79.688 (75.639)
Test: [20/195]  Time 0.098 (0.088)  Loss 0.5441 (0.5062)  Prec@1 69.531 (75.335)
Test: [30/195]  Time 0.085 (0.093)  Loss 0.5512 (0.5034)  Prec@1 70.312 (75.655)
Test: [40/195]  Time 0.082 (0.093)  Loss 0.5922 (0.5091)  Prec@1 71.094 (75.438)
Test: [50/195]  Time 0.083 (0.093)  Loss 0.5185 (0.5096)  Prec@1 75.781 (75.536)
Test: [60/195]  Time 0.057 (0.093)  Loss 0.5202 (0.5048)  Prec@1 75.781 (75.756)
Test: [70/195]  Time 0.083 (0.093)  Loss 0.4289 (0.5037)  Prec@1 78.906 (75.924)
Test: [80/195]  Time 0.079 (0.093)  Loss 0.4757 (0.5037)  Prec@1 75.781 (75.936)
Test: [90/195]  Time 0.073 (0.094)  Loss 0.4781 (0.5076)  Prec@1 78.125 (75.798)
Test: [100/195]  Time 0.082 (0.095)  Loss 0.5169 (0.5070)  Prec@1 81.250 (75.890)
Test: [110/195]  Time 0.079 (0.096)  Loss 0.5532 (0.5058)  Prec@1 70.312 (75.831)
Test: [120/195]  Time 0.113 (0.097)  Loss 0.4333 (0.5069)  Prec@1 80.469 (75.736)
Test: [130/195]  Time 0.085 (0.098)  Loss 0.4721 (0.5069)  Prec@1 75.781 (75.763)
Test: [140/195]  Time 0.102 (0.099)  Loss 0.4816 (0.5060)  Prec@1 78.125 (75.770)
Test: [150/195]  Time 0.098 (0.100)  Loss 0.4767 (0.5061)  Prec@1 79.688 (75.833)
Test: [160/195]  Time 0.097 (0.101)  Loss 0.3989 (0.5048)  Prec@1 84.375 (75.922)
Test: [170/195]  Time 0.097 (0.103)  Loss 0.5128 (0.5037)  Prec@1 71.875 (76.010)
Test: [180/195]  Time 0.090 (0.103)  Loss 0.5738 (0.5043)  Prec@1 71.094 (76.027)
Test: [190/195]  Time 0.084 (0.103)  Loss 0.4786 (0.5054)  Prec@1 74.219 (75.973)
 * Prec@1 75.950
Epoch: [18][10/195]  Time 0.520 (0.498)  Data 0.004 (0.004)  Loss 0.3860 (0.3703)  Prec@1 85.156 (84.091)
