************ Start ************
dataset: text_classification , method: RNN text classification , setting: train test already split , result: saver , evaluation: accuracy
loading data...
method running...
--start training...
RNN_model(
  (encoder): Embedding(46159, 50, padding_idx=0)
  (encoder_dropout): Dropout(p=0.6, inplace=False)
  (rnn): RNN(50, 128, num_layers=2, batch_first=True, dropout=0.5, bidirectional=True)
  (batchnorm): BatchNorm1d(256, eps=1e-05, momentum=0.1, affine=True, track_running_stats=True)
  (fc): Linear(in_features=256, out_features=2, bias=True)
)
Epoch[1] Batch[10/195] Loss[0.7099] Loss-Avg[0.8409] Acc[53.125] Acc-Avg[52.344]
Epoch[1] Batch[20/195] Loss[0.7730] Loss-Avg[0.7998] Acc[49.219] Acc-Avg[52.418]
Epoch[1] Batch[30/195] Loss[0.7334] Loss-Avg[0.7776] Acc[50.000] Acc-Avg[52.344]
Epoch[1] Batch[40/195] Loss[0.7352] Loss-Avg[0.7674] Acc[52.344] Acc-Avg[51.677]
Epoch[1] Batch[50/195] Loss[0.7600] Loss-Avg[0.7593] Acc[45.312] Acc-Avg[51.287]
Epoch[1] Batch[60/195] Loss[0.7120] Loss-Avg[0.7520] Acc[50.000] Acc-Avg[51.153]
Epoch[1] Batch[70/195] Loss[0.7008] Loss-Avg[0.7476] Acc[53.125] Acc-Avg[50.935]
Epoch[1] Batch[80/195] Loss[0.6964] Loss-Avg[0.7434] Acc[47.656] Acc-Avg[50.781]
Epoch[1] Batch[90/195] Loss[0.7348] Loss-Avg[0.7405] Acc[47.656] Acc-Avg[50.755]
Epoch[1] Batch[100/195] Loss[0.7043] Loss-Avg[0.7375] Acc[51.562] Acc-Avg[50.835]
Epoch[1] Batch[110/195] Loss[0.6955] Loss-Avg[0.7356] Acc[52.344] Acc-Avg[50.669]
Epoch[1] Batch[120/195] Loss[0.7340] Loss-Avg[0.7342] Acc[46.875] Acc-Avg[50.568]
Epoch[1] Batch[130/195] Loss[0.7355] Loss-Avg[0.7323] Acc[44.531] Acc-Avg[50.573]
Epoch[1] Batch[140/195] Loss[0.7119] Loss-Avg[0.7308] Acc[49.219] Acc-Avg[50.360]
Epoch[1] Batch[150/195] Loss[0.7138] Loss-Avg[0.7292] Acc[46.875] Acc-Avg[50.393]
Epoch[1] Batch[160/195] Loss[0.7248] Loss-Avg[0.7275] Acc[50.000] Acc-Avg[50.476]
Epoch[1] Batch[170/195] Loss[0.6910] Loss-Avg[0.7260] Acc[50.781] Acc-Avg[50.612]
Epoch[1] Batch[180/195] Loss[0.7569] Loss-Avg[0.7256] Acc[53.125] Acc-Avg[50.561]
Epoch[1] Batch[190/195] Loss[0.6724] Loss-Avg[0.7240] Acc[56.250] Acc-Avg[50.663]
Test Acc[50.024]
Epoch[2] Batch[10/195] Loss[0.6887] Loss-Avg[0.7042] Acc[51.562] Acc-Avg[52.628]
Epoch[2] Batch[20/195] Loss[0.6968] Loss-Avg[0.7066] Acc[56.250] Acc-Avg[52.604]
Epoch[2] Batch[30/195] Loss[0.6813] Loss-Avg[0.7047] Acc[55.469] Acc-Avg[51.764]
Epoch[2] Batch[40/195] Loss[0.7269] Loss-Avg[0.7053] Acc[59.375] Acc-Avg[51.982]
Epoch[2] Batch[50/195] Loss[0.7084] Loss-Avg[0.7073] Acc[53.125] Acc-Avg[51.823]
Epoch[2] Batch[60/195] Loss[0.7209] Loss-Avg[0.7073] Acc[46.094] Acc-Avg[51.844]
Epoch[2] Batch[70/195] Loss[0.6959] Loss-Avg[0.7079] Acc[46.875] Acc-Avg[51.827]
Epoch[2] Batch[80/195] Loss[0.6697] Loss-Avg[0.7061] Acc[58.594] Acc-Avg[51.881]
Epoch[2] Batch[90/195] Loss[0.6892] Loss-Avg[0.7045] Acc[57.812] Acc-Avg[52.052]
Epoch[2] Batch[100/195] Loss[0.6960] Loss-Avg[0.7038] Acc[50.000] Acc-Avg[52.251]
Epoch[2] Batch[110/195] Loss[0.7019] Loss-Avg[0.7032] Acc[48.438] Acc-Avg[52.287]
Epoch[2] Batch[120/195] Loss[0.6854] Loss-Avg[0.7023] Acc[54.688] Acc-Avg[52.395]
Epoch[2] Batch[130/195] Loss[0.7066] Loss-Avg[0.7019] Acc[49.219] Acc-Avg[52.326]
Epoch[2] Batch[140/195] Loss[0.6797] Loss-Avg[0.7012] Acc[59.375] Acc-Avg[52.438]
Epoch[2] Batch[150/195] Loss[0.6933] Loss-Avg[0.7004] Acc[50.781] Acc-Avg[52.478]
Epoch[2] Batch[160/195] Loss[0.6611] Loss-Avg[0.6994] Acc[60.156] Acc-Avg[52.674]
Epoch[2] Batch[170/195] Loss[0.6900] Loss-Avg[0.6993] Acc[53.906] Acc-Avg[52.590]
Epoch[2] Batch[180/195] Loss[0.6969] Loss-Avg[0.6983] Acc[53.906] Acc-Avg[52.693]
Epoch[2] Batch[190/195] Loss[0.6848] Loss-Avg[0.6975] Acc[55.469] Acc-Avg[52.798]
Test Acc[56.024]
Epoch[3] Batch[10/195] Loss[0.6366] Loss-Avg[0.6667] Acc[60.938] Acc-Avg[58.594]
Epoch[3] Batch[20/195] Loss[0.6459] Loss-Avg[0.6669] Acc[57.812] Acc-Avg[57.515]
Epoch[3] Batch[30/195] Loss[0.6397] Loss-Avg[0.6650] Acc[62.500] Acc-Avg[58.039]
Epoch[3] Batch[40/195] Loss[0.6777] Loss-Avg[0.6666] Acc[57.031] Acc-Avg[57.851]
Epoch[3] Batch[50/195] Loss[0.6471] Loss-Avg[0.6664] Acc[62.500] Acc-Avg[57.828]
Epoch[3] Batch[60/195] Loss[0.7127] Loss-Avg[0.6663] Acc[49.219] Acc-Avg[57.569]
Epoch[3] Batch[70/195] Loss[0.6627] Loss-Avg[0.6666] Acc[56.250] Acc-Avg[57.438]
Epoch[3] Batch[80/195] Loss[0.6675] Loss-Avg[0.6680] Acc[60.938] Acc-Avg[57.301]
Epoch[3] Batch[90/195] Loss[0.6779] Loss-Avg[0.6679] Acc[54.688] Acc-Avg[57.297]
Epoch[3] Batch[100/195] Loss[0.6718] Loss-Avg[0.6664] Acc[55.469] Acc-Avg[57.449]
Epoch[3] Batch[110/195] Loss[0.6795] Loss-Avg[0.6649] Acc[59.375] Acc-Avg[57.552]
Epoch[3] Batch[120/195] Loss[0.6351] Loss-Avg[0.6659] Acc[60.156] Acc-Avg[57.567]
Epoch[3] Batch[130/195] Loss[0.6617] Loss-Avg[0.6651] Acc[55.469] Acc-Avg[57.747]
Epoch[3] Batch[140/195] Loss[0.6455] Loss-Avg[0.6646] Acc[64.062] Acc-Avg[57.879]
Epoch[3] Batch[150/195] Loss[0.6777] Loss-Avg[0.6639] Acc[60.938] Acc-Avg[57.983]
Epoch[3] Batch[160/195] Loss[0.6556] Loss-Avg[0.6632] Acc[57.031] Acc-Avg[57.982]
Epoch[3] Batch[170/195] Loss[0.6772] Loss-Avg[0.6625] Acc[52.344] Acc-Avg[58.091]
Epoch[3] Batch[180/195] Loss[0.6508] Loss-Avg[0.6609] Acc[58.594] Acc-Avg[58.248]
Epoch[3] Batch[190/195] Loss[0.6481] Loss-Avg[0.6611] Acc[53.906] Acc-Avg[58.279]
Test Acc[58.828]
Epoch[4] Batch[10/195] Loss[0.5942] Loss-Avg[0.6286] Acc[67.969] Acc-Avg[63.494]
Epoch[4] Batch[20/195] Loss[0.5788] Loss-Avg[0.6248] Acc[68.750] Acc-Avg[63.765]
Epoch[4] Batch[30/195] Loss[0.5698] Loss-Avg[0.6227] Acc[71.875] Acc-Avg[64.743]
Epoch[4] Batch[40/195] Loss[0.6052] Loss-Avg[0.6237] Acc[67.969] Acc-Avg[64.653]
Epoch[4] Batch[50/195] Loss[0.6194] Loss-Avg[0.6255] Acc[56.250] Acc-Avg[63.618]
Epoch[4] Batch[60/195] Loss[0.6547] Loss-Avg[0.6293] Acc[60.938] Acc-Avg[63.192]
Epoch[4] Batch[70/195] Loss[0.6845] Loss-Avg[0.6301] Acc[58.594] Acc-Avg[63.017]
Epoch[4] Batch[80/195] Loss[0.6108] Loss-Avg[0.6297] Acc[64.844] Acc-Avg[62.982]
Epoch[4] Batch[90/195] Loss[0.6898] Loss-Avg[0.6309] Acc[54.688] Acc-Avg[62.826]
Epoch[4] Batch[100/195] Loss[0.6374] Loss-Avg[0.6310] Acc[63.281] Acc-Avg[62.833]
Epoch[4] Batch[110/195] Loss[0.6479] Loss-Avg[0.6320] Acc[61.719] Acc-Avg[62.767]
Epoch[4] Batch[120/195] Loss[0.6460] Loss-Avg[0.6326] Acc[57.031] Acc-Avg[62.610]
Epoch[4] Batch[130/195] Loss[0.6435] Loss-Avg[0.6330] Acc[64.844] Acc-Avg[62.637]
Epoch[4] Batch[140/195] Loss[0.6193] Loss-Avg[0.6324] Acc[62.500] Acc-Avg[62.699]
Epoch[4] Batch[150/195] Loss[0.6223] Loss-Avg[0.6328] Acc[63.281] Acc-Avg[62.635]
Epoch[4] Batch[160/195] Loss[0.6234] Loss-Avg[0.6339] Acc[65.625] Acc-Avg[62.418]
Epoch[4] Batch[170/195] Loss[0.6003] Loss-Avg[0.6346] Acc[67.188] Acc-Avg[62.322]
Epoch[4] Batch[180/195] Loss[0.6716] Loss-Avg[0.6346] Acc[55.469] Acc-Avg[62.198]
Epoch[4] Batch[190/195] Loss[0.6292] Loss-Avg[0.6353] Acc[56.250] Acc-Avg[62.026]
Test Acc[68.508]
Epoch[5] Batch[10/195] Loss[0.5354] Loss-Avg[0.5859] Acc[74.219] Acc-Avg[68.892]
Epoch[5] Batch[20/195] Loss[0.6166] Loss-Avg[0.5883] Acc[60.156] Acc-Avg[68.155]
Epoch[5] Batch[30/195] Loss[0.5988] Loss-Avg[0.5898] Acc[66.406] Acc-Avg[67.893]
Epoch[5] Batch[40/195] Loss[0.5955] Loss-Avg[0.5956] Acc[67.188] Acc-Avg[67.511]
Epoch[5] Batch[50/195] Loss[0.6322] Loss-Avg[0.5983] Acc[57.812] Acc-Avg[67.065]
Epoch[5] Batch[60/195] Loss[0.5894] Loss-Avg[0.6036] Acc[67.969] Acc-Avg[66.855]
Epoch[5] Batch[70/195] Loss[0.6211] Loss-Avg[0.6046] Acc[60.156] Acc-Avg[66.582]
Epoch[5] Batch[80/195] Loss[0.6292] Loss-Avg[0.6046] Acc[64.062] Acc-Avg[66.339]
Epoch[5] Batch[90/195] Loss[0.6461] Loss-Avg[0.6051] Acc[61.719] Acc-Avg[66.269]
Epoch[5] Batch[100/195] Loss[0.6172] Loss-Avg[0.6056] Acc[64.062] Acc-Avg[66.282]
Epoch[5] Batch[110/195] Loss[0.6583] Loss-Avg[0.6070] Acc[60.938] Acc-Avg[66.026]
Epoch[5] Batch[120/195] Loss[0.6282] Loss-Avg[0.6080] Acc[62.500] Acc-Avg[65.767]
Epoch[5] Batch[130/195] Loss[0.6174] Loss-Avg[0.6086] Acc[64.062] Acc-Avg[65.655]
Epoch[5] Batch[140/195] Loss[0.6053] Loss-Avg[0.6104] Acc[71.875] Acc-Avg[65.426]
Epoch[5] Batch[150/195] Loss[0.6152] Loss-Avg[0.6114] Acc[62.500] Acc-Avg[65.227]
Epoch[5] Batch[160/195] Loss[0.6163] Loss-Avg[0.6130] Acc[66.406] Acc-Avg[65.067]
Epoch[5] Batch[170/195] Loss[0.6346] Loss-Avg[0.6131] Acc[65.625] Acc-Avg[65.054]
Epoch[5] Batch[180/195] Loss[0.6228] Loss-Avg[0.6144] Acc[66.406] Acc-Avg[64.887]
Epoch[5] Batch[190/195] Loss[0.5997] Loss-Avg[0.6150] Acc[63.281] Acc-Avg[64.831]
Test Acc[68.528]
Epoch[6] Batch[10/195] Loss[0.4850] Loss-Avg[0.5711] Acc[73.438] Acc-Avg[68.821]
Epoch[6] Batch[20/195] Loss[0.5642] Loss-Avg[0.5713] Acc[68.750] Acc-Avg[68.378]
Epoch[6] Batch[30/195] Loss[0.5704] Loss-Avg[0.5742] Acc[73.438] Acc-Avg[68.170]
Epoch[6] Batch[40/195] Loss[0.6771] Loss-Avg[0.5796] Acc[63.281] Acc-Avg[67.569]
Epoch[6] Batch[50/195] Loss[0.5808] Loss-Avg[0.5810] Acc[65.625] Acc-Avg[66.866]
Epoch[6] Batch[60/195] Loss[0.5998] Loss-Avg[0.5804] Acc[64.062] Acc-Avg[66.919]
Epoch[6] Batch[70/195] Loss[0.6173] Loss-Avg[0.5840] Acc[62.500] Acc-Avg[66.571]
Epoch[6] Batch[80/195] Loss[0.5691] Loss-Avg[0.5870] Acc[67.969] Acc-Avg[66.271]
Epoch[6] Batch[90/195] Loss[0.6074] Loss-Avg[0.5890] Acc[64.062] Acc-Avg[66.020]
Epoch[6] Batch[100/195] Loss[0.5543] Loss-Avg[0.5891] Acc[78.125] Acc-Avg[66.143]
Epoch[6] Batch[110/195] Loss[0.6299] Loss-Avg[0.5909] Acc[57.031] Acc-Avg[65.942]
Epoch[6] Batch[120/195] Loss[0.6897] Loss-Avg[0.5936] Acc[57.031] Acc-Avg[65.722]
Epoch[6] Batch[130/195] Loss[0.5988] Loss-Avg[0.5934] Acc[67.188] Acc-Avg[65.714]
Epoch[6] Batch[140/195] Loss[0.6592] Loss-Avg[0.5948] Acc[56.250] Acc-Avg[65.653]
Epoch[6] Batch[150/195] Loss[0.5533] Loss-Avg[0.5962] Acc[75.000] Acc-Avg[65.558]
Epoch[6] Batch[160/195] Loss[0.6196] Loss-Avg[0.5958] Acc[65.625] Acc-Avg[65.620]
Epoch[6] Batch[170/195] Loss[0.5694] Loss-Avg[0.5972] Acc[68.750] Acc-Avg[65.543]
Epoch[6] Batch[180/195] Loss[0.5974] Loss-Avg[0.5989] Acc[69.531] Acc-Avg[65.422]
Epoch[6] Batch[190/195] Loss[0.6194] Loss-Avg[0.6004] Acc[60.938] Acc-Avg[65.212]
Test Acc[68.104]
Epoch[7] Batch[10/195] Loss[0.5380] Loss-Avg[0.5828] Acc[72.656] Acc-Avg[67.330]
Epoch[7] Batch[20/195] Loss[0.5852] Loss-Avg[0.5803] Acc[62.500] Acc-Avg[66.220]
Epoch[7] Batch[30/195] Loss[0.5652] Loss-Avg[0.5754] Acc[66.406] Acc-Avg[66.331]
Epoch[7] Batch[40/195] Loss[0.5308] Loss-Avg[0.5795] Acc[70.312] Acc-Avg[66.120]
Epoch[7] Batch[50/195] Loss[0.5506] Loss-Avg[0.5758] Acc[70.312] Acc-Avg[66.927]
Epoch[7] Batch[60/195] Loss[0.5795] Loss-Avg[0.5796] Acc[70.312] Acc-Avg[66.893]
Epoch[7] Batch[70/195] Loss[0.6239] Loss-Avg[0.5848] Acc[56.250] Acc-Avg[66.296]
Epoch[7] Batch[80/195] Loss[0.5947] Loss-Avg[0.5864] Acc[68.750] Acc-Avg[66.329]
Epoch[7] Batch[90/195] Loss[0.5779] Loss-Avg[0.5870] Acc[71.094] Acc-Avg[66.132]
Epoch[7] Batch[100/195] Loss[0.5256] Loss-Avg[0.5856] Acc[69.531] Acc-Avg[65.989]
Epoch[7] Batch[110/195] Loss[0.5712] Loss-Avg[0.5864] Acc[71.094] Acc-Avg[66.104]
Epoch[7] Batch[120/195] Loss[0.6228] Loss-Avg[0.5879] Acc[64.844] Acc-Avg[65.941]
Epoch[7] Batch[130/195] Loss[0.5612] Loss-Avg[0.5880] Acc[69.531] Acc-Avg[66.096]
Epoch[7] Batch[140/195] Loss[0.5676] Loss-Avg[0.5900] Acc[70.312] Acc-Avg[65.935]
Epoch[7] Batch[150/195] Loss[0.5940] Loss-Avg[0.5911] Acc[68.750] Acc-Avg[65.982]
Epoch[7] Batch[160/195] Loss[0.6312] Loss-Avg[0.5916] Acc[62.500] Acc-Avg[65.916]
Epoch[7] Batch[170/195] Loss[0.5800] Loss-Avg[0.5909] Acc[67.969] Acc-Avg[66.013]
Epoch[7] Batch[180/195] Loss[0.6415] Loss-Avg[0.5923] Acc[54.688] Acc-Avg[65.858]
Epoch[7] Batch[190/195] Loss[0.6082] Loss-Avg[0.5929] Acc[64.062] Acc-Avg[65.789]
Test Acc[67.504]
Epoch[8] Batch[10/195] Loss[0.5365] Loss-Avg[0.5788] Acc[70.312] Acc-Avg[66.974]
Epoch[8] Batch[20/195] Loss[0.5471] Loss-Avg[0.5797] Acc[67.969] Acc-Avg[66.518]
Epoch[8] Batch[30/195] Loss[0.6433] Loss-Avg[0.5789] Acc[62.500] Acc-Avg[67.414]
Epoch[8] Batch[40/195] Loss[0.5868] Loss-Avg[0.5829] Acc[60.938] Acc-Avg[66.902]
Epoch[8] Batch[50/195] Loss[0.5604] Loss-Avg[0.5807] Acc[61.719] Acc-Avg[66.468]
Epoch[8] Batch[60/195] Loss[0.6465] Loss-Avg[0.5811] Acc[57.031] Acc-Avg[66.445]
Epoch[8] Batch[70/195] Loss[0.6035] Loss-Avg[0.5840] Acc[64.844] Acc-Avg[66.384]
Epoch[8] Batch[80/195] Loss[0.5548] Loss-Avg[0.5842] Acc[70.312] Acc-Avg[66.483]
Epoch[8] Batch[90/195] Loss[0.6103] Loss-Avg[0.5834] Acc[57.812] Acc-Avg[66.389]
Epoch[8] Batch[100/195] Loss[0.5566] Loss-Avg[0.5830] Acc[65.625] Acc-Avg[66.607]
Epoch[8] Batch[110/195] Loss[0.5340] Loss-Avg[0.5820] Acc[73.438] Acc-Avg[66.667]
Epoch[8] Batch[120/195] Loss[0.5641] Loss-Avg[0.5817] Acc[60.156] Acc-Avg[66.555]
Epoch[8] Batch[130/195] Loss[0.5425] Loss-Avg[0.5812] Acc[68.750] Acc-Avg[66.651]
Epoch[8] Batch[140/195] Loss[0.5487] Loss-Avg[0.5816] Acc[69.531] Acc-Avg[66.578]
Epoch[8] Batch[150/195] Loss[0.5748] Loss-Avg[0.5825] Acc[67.188] Acc-Avg[66.489]
Epoch[8] Batch[160/195] Loss[0.5219] Loss-Avg[0.5830] Acc[71.094] Acc-Avg[66.387]
Epoch[8] Batch[170/195] Loss[0.5678] Loss-Avg[0.5839] Acc[68.750] Acc-Avg[66.315]
Epoch[8] Batch[180/195] Loss[0.5900] Loss-Avg[0.5845] Acc[64.844] Acc-Avg[66.281]
Epoch[8] Batch[190/195] Loss[0.6387] Loss-Avg[0.5857] Acc[67.969] Acc-Avg[66.300]
Test Acc[67.300]
Epoch[9] Batch[10/195] Loss[0.5742] Loss-Avg[0.5698] Acc[68.750] Acc-Avg[67.614]
Epoch[9] Batch[20/195] Loss[0.4808] Loss-Avg[0.5677] Acc[75.000] Acc-Avg[67.522]
Epoch[9] Batch[30/195] Loss[0.5699] Loss-Avg[0.5697] Acc[66.406] Acc-Avg[67.188]
Epoch[9] Batch[40/195] Loss[0.5695] Loss-Avg[0.5701] Acc[67.969] Acc-Avg[66.978]
Epoch[9] Batch[50/195] Loss[0.5533] Loss-Avg[0.5730] Acc[62.500] Acc-Avg[66.544]
Epoch[9] Batch[60/195] Loss[0.5974] Loss-Avg[0.5751] Acc[64.062] Acc-Avg[66.291]
Epoch[9] Batch[70/195] Loss[0.5777] Loss-Avg[0.5763] Acc[64.062] Acc-Avg[66.142]
Epoch[9] Batch[80/195] Loss[0.5835] Loss-Avg[0.5758] Acc[65.625] Acc-Avg[66.262]
Epoch[9] Batch[90/195] Loss[0.5648] Loss-Avg[0.5772] Acc[65.625] Acc-Avg[66.200]
Epoch[9] Batch[100/195] Loss[0.5623] Loss-Avg[0.5785] Acc[70.312] Acc-Avg[66.050]
Epoch[9] Batch[110/195] Loss[0.5856] Loss-Avg[0.5786] Acc[64.062] Acc-Avg[66.111]
Epoch[9] Batch[120/195] Loss[0.6362] Loss-Avg[0.5783] Acc[60.938] Acc-Avg[66.142]
Epoch[9] Batch[130/195] Loss[0.6063] Loss-Avg[0.5780] Acc[67.188] Acc-Avg[66.245]
Epoch[9] Batch[140/195] Loss[0.6137] Loss-Avg[0.5808] Acc[64.062] Acc-Avg[66.029]
Epoch[9] Batch[150/195] Loss[0.6263] Loss-Avg[0.5824] Acc[65.625] Acc-Avg[65.728]
Epoch[9] Batch[160/195] Loss[0.5753] Loss-Avg[0.5821] Acc[60.156] Acc-Avg[65.737]
Epoch[9] Batch[170/195] Loss[0.5935] Loss-Avg[0.5832] Acc[61.719] Acc-Avg[65.602]
Epoch[9] Batch[180/195] Loss[0.5784] Loss-Avg[0.5849] Acc[64.062] Acc-Avg[65.465]
Epoch[9] Batch[190/195] Loss[0.6138] Loss-Avg[0.5858] Acc[60.938] Acc-Avg[65.363]
Test Acc[66.660]
Epoch[10] Batch[10/195] Loss[0.5623] Loss-Avg[0.5674] Acc[67.969] Acc-Avg[67.045]
Epoch[10] Batch[20/195] Loss[0.5625] Loss-Avg[0.5791] Acc[67.188] Acc-Avg[65.848]
Epoch[10] Batch[30/195] Loss[0.4971] Loss-Avg[0.5718] Acc[69.531] Acc-Avg[66.079]
Epoch[10] Batch[40/195] Loss[0.5637] Loss-Avg[0.5726] Acc[67.969] Acc-Avg[66.044]
Epoch[10] Batch[50/195] Loss[0.5956] Loss-Avg[0.5742] Acc[64.062] Acc-Avg[65.977]
Epoch[10] Batch[60/195] Loss[0.5521] Loss-Avg[0.5749] Acc[66.406] Acc-Avg[65.958]
Epoch[10] Batch[70/195] Loss[0.6501] Loss-Avg[0.5766] Acc[60.156] Acc-Avg[65.922]
Epoch[10] Batch[80/195] Loss[0.5953] Loss-Avg[0.5776] Acc[61.719] Acc-Avg[65.741]
Epoch[10] Batch[90/195] Loss[0.6288] Loss-Avg[0.5799] Acc[64.844] Acc-Avg[65.745]
Epoch[10] Batch[100/195] Loss[0.6244] Loss-Avg[0.5796] Acc[60.156] Acc-Avg[65.702]
Epoch[10] Batch[110/195] Loss[0.6078] Loss-Avg[0.5799] Acc[60.938] Acc-Avg[65.611]
Epoch[10] Batch[120/195] Loss[0.5634] Loss-Avg[0.5798] Acc[64.844] Acc-Avg[65.580]
Epoch[10] Batch[130/195] Loss[0.6138] Loss-Avg[0.5805] Acc[63.281] Acc-Avg[65.625]
Epoch[10] Batch[140/195] Loss[0.6748] Loss-Avg[0.5808] Acc[60.156] Acc-Avg[65.614]
Epoch[10] Batch[150/195] Loss[0.6140] Loss-Avg[0.5831] Acc[64.844] Acc-Avg[65.511]
Epoch[10] Batch[160/195] Loss[0.5521] Loss-Avg[0.5820] Acc[71.094] Acc-Avg[65.581]
Epoch[10] Batch[170/195] Loss[0.6163] Loss-Avg[0.5833] Acc[66.406] Acc-Avg[65.502]
Epoch[10] Batch[180/195] Loss[0.6222] Loss-Avg[0.5834] Acc[63.281] Acc-Avg[65.496]
Epoch[10] Batch[190/195] Loss[0.5613] Loss-Avg[0.5838] Acc[60.156] Acc-Avg[65.478]
Test Acc[67.044]
--start testing...
Test Acc[67.044]
saving results...
evaluating performance...
************ Overall Performance ************
RNN text classification Accuracy: 0.6638 +/- None
************ Finish ************